This is pdfTeX, Version 3.141592653-2.6-1.40.24 (MiKTeX 22.1) (preloaded format=pdflatex 2026.2.27)  4 JUL 2026 16:30
entering extended mode
 restricted \write18 enabled.
 %&-line parsing enabled.
**./tfg_etsiinf_NombreApellidos.tex
(tfg_etsiinf_NombreApellidos.tex
LaTeX2e <2025-11-01>
L3 programming layer <2026-01-19>
(secciones/_DatosTFG.tex) (include/Preambulo.tex
(/Users/jordi/Library/Application Support/MiKTeX/texmfs/install/tex/latex/base/
book.cls
Document Class: book 2025/01/22 v1.4n Standard LaTeX document class

(/Users/jordi/Library/Application Support/MiKTeX/texmfs/install/tex/latex/base/
bk11.clo
File: bk11.clo 2025/01/22 v1.4n Standard LaTeX file (size option)
)
\c@part=\count275
\c@chapter=\count276
\c@section=\count277
\c@subsection=\count278
\c@subsubsection=\count279
\c@paragraph=\count280
\c@subparagraph=\count281
\c@figure=\count282
\c@table=\count283
\abovecaptionskip=\skip49
\belowcaptionskip=\skip50
\bibindent=\dimen148
)
(/Users/jordi/Library/Application Support/MiKTeX/texmfs/install/tex/latex/base/
inputenc.sty
Package: inputenc 2024/02/08 v1.3d Input encoding file
\inpenc@prehook=\toks17
\inpenc@posthook=\toks18
)
(/Users/jordi/Library/Application Support/MiKTeX/texmfs/install/tex/latex/base/
fontenc.sty
Package: fontenc 2025/07/18 v2.1d Standard LaTeX package
)
(/Users/jordi/Library/Application Support/MiKTeX/texmfs/install/tex/generic/bab
el/babel.sty
Package: babel 2026/02/14 v26.3 The multilingual framework for LuaLaTeX, pdfLaT
eX and XeLaTeX
\babel@savecnt=\count284
LaTeX Encoding Info:    Redeclaring text command \ij (encoding OT1) on input li
ne 2078.
LaTeX Encoding Info:    Redeclaring text command \IJ (encoding OT1) on input li
ne 2080.
LaTeX Encoding Info:    Redeclaring text command \ij (encoding T1) on input lin
e 2082.
LaTeX Encoding Info:    Redeclaring text command \IJ (encoding T1) on input lin
e 2083.
LaTeX Encoding Info:    Ignoring declaration for text command \ij (encoding ?) 
on input line 2084.
LaTeX Encoding Info:    Ignoring declaration for text command \IJ (encoding ?) 
on input line 2086.
LaTeX Encoding Info:    Ignoring declaration for text command \SS (encoding ?) 
on input line 2111.
\U@D=\dimen149
\l@unhyphenated=\language79

(/Users/jordi/Library/Application Support/MiKTeX/texmfs/install/tex/generic/bab
el/txtbabel.def)
\bbl@readstream=\read2
\bbl@dirlevel=\count285
Package babel Info: Configuration files are deprecated, as
(babel)             they can break document portability.
(babel)             Reported on input line 4206.

*************************************
* Local config file bblopts.cfg used
*

(/Users/jordi/Library/Application Support/MiKTeX/texmfs/install/tex/latex/arabi
/bblopts.cfg
File: bblopts.cfg 2005/09/08 v0.1 add Arabic and Farsi to "declared" options of
 babel
)
(/Users/jordi/Library/Application Support/MiKTeX/texmfs/install/tex/generic/bab
el/locale/en/babel-english.tex)
(/Users/jordi/Library/Application Support/MiKTeX/texmfs/install/tex/generic/bab
el/locale/es/babel-spanish.tex)
Package babel Info: Importing font and identification data for english
(babel)             from babel-en.ini. Reported on input line 4330.

(/Users/jordi/Library/Application Support/MiKTeX/texmfs/install/tex/latex/babel
-english/english.ldf
Language: english 2017/06/06 v3.3r English support from the babel system
Package babel Info: Hyphen rules for 'canadian' set to \l@english
(babel)             (\language0). Reported on input line 102.
Package babel Info: Hyphen rules for 'australian' set to \l@ukenglish
(babel)             (\language73). Reported on input line 105.
Package babel Info: Hyphen rules for 'newzealand' set to \l@ukenglish
(babel)             (\language73). Reported on input line 108.
)
Package babel Info: Importing font and identification data for spanish
(babel)             from babel-es.ini. Reported on input line 4330.

(/Users/jordi/Library/Application Support/MiKTeX/texmfs/install/tex/latex/babel
-spanish/spanish.ldf
Language: spanish.ldf 2021/05/27 v5.0q Spanish support from the babel system
\es@quottoks=\toks19
\es@quotdepth=\count286
Package babel Info: Making " an active character on input line 570.
Package babel Info: Making . an active character on input line 675.
Package babel Info: Making < an active character on input line 722.
Package babel Info: Making > an active character on input line 722.
))
LaTeX Encoding Info:    Redeclaring text command \guillemotleft (encoding OT1) 
on input line 7.
LaTeX Encoding Info:    Redeclaring text command \guillemotright (encoding OT1)
 on input line 7.

(/Users/jordi/Library/Application Support/MiKTeX/texmfs/install/tex/latex/psnfs
s/bookman.sty
Package: bookman 2020/03/25 PSNFSS-v9.3 (SPQR) 
)
(/Users/jordi/Library/Application Support/MiKTeX/texmfs/install/tex/latex/graph
ics/graphicx.sty
Package: graphicx 2024/12/31 v1.2e Enhanced LaTeX Graphics (DPC,SPQR)

(/Users/jordi/Library/Application Support/MiKTeX/texmfs/install/tex/latex/graph
ics/keyval.sty
Package: keyval 2022/05/29 v1.15 key=value parser (DPC)
\KV@toks@=\toks20
)
(/Users/jordi/Library/Application Support/MiKTeX/texmfs/install/tex/latex/graph
ics/graphics.sty
Package: graphics 2024/08/06 v1.4g Standard LaTeX Graphics (DPC,SPQR)

(/Users/jordi/Library/Application Support/MiKTeX/texmfs/install/tex/latex/graph
ics/trig.sty
Package: trig 2023/12/02 v1.11 sin cos tan (DPC)
)
(/Users/jordi/Library/Application Support/MiKTeX/texmfs/install/tex/latex/graph
ics-cfg/graphics.cfg
File: graphics.cfg 2016/06/04 v1.11 sample graphics configuration
)
Package graphics Info: Driver file: pdftex.def on input line 106.

(/Users/jordi/Library/Application Support/MiKTeX/texmfs/install/tex/latex/graph
ics-def/pdftex.def
File: pdftex.def 2025/09/29 v1.2d Graphics/color driver for pdftex
))
\Gin@req@height=\dimen150
\Gin@req@width=\dimen151
)
(/Users/jordi/Library/Application Support/MiKTeX/texmfs/install/tex/latex/amsfo
nts/amsfonts.sty
Package: amsfonts 2013/01/14 v3.01 Basic AMSFonts support
\@emptytoks=\toks21
\symAMSa=\mathgroup4
\symAMSb=\mathgroup5
LaTeX Font Info:    Redeclaring math symbol \hbar on input line 98.
LaTeX Font Info:    Overwriting math alphabet `\mathfrak' in version `bold'
(Font)                  U/euf/m/n --> U/euf/b/n on input line 106.
)
(/Users/jordi/Library/Application Support/MiKTeX/texmfs/install/tex/latex/amsma
th/amsgen.sty
File: amsgen.sty 1999/11/30 v2.0 generic functions
\@emptytoks=\toks22
\ex@=\dimen152
)
(/Users/jordi/Library/Application Support/MiKTeX/texmfs/install/tex/latex/amsma
th/amsmath.sty
Package: amsmath 2025/07/09 v2.17z AMS math features
\@mathmargin=\skip51

For additional information on amsmath, use the `?' option.

(/Users/jordi/Library/Application Support/MiKTeX/texmfs/install/tex/latex/amsma
th/amstext.sty
Package: amstext 2024/11/17 v2.01 AMS text
)
(/Users/jordi/Library/Application Support/MiKTeX/texmfs/install/tex/latex/amsma
th/amsbsy.sty
Package: amsbsy 1999/11/29 v1.2d Bold Symbols
\pmbraise@=\dimen153
)
(/Users/jordi/Library/Application Support/MiKTeX/texmfs/install/tex/latex/amsma
th/amsopn.sty
Package: amsopn 2022/04/08 v2.04 operator names
)
\inf@bad=\count287
LaTeX Info: Redefining \frac on input line 233.
\uproot@=\count288
\leftroot@=\count289
LaTeX Info: Redefining \overline on input line 398.
LaTeX Info: Redefining \colon on input line 409.
\classnum@=\count290
\DOTSCASE@=\count291
LaTeX Info: Redefining \ldots on input line 495.
LaTeX Info: Redefining \dots on input line 498.
LaTeX Info: Redefining \cdots on input line 619.
\Mathstrutbox@=\box53
\strutbox@=\box54
LaTeX Info: Redefining \big on input line 721.
LaTeX Info: Redefining \Big on input line 722.
LaTeX Info: Redefining \bigg on input line 723.
LaTeX Info: Redefining \Bigg on input line 724.
\big@size=\dimen154
LaTeX Font Info:    Redeclaring font encoding OML on input line 742.
LaTeX Font Info:    Redeclaring font encoding OMS on input line 743.
\macc@depth=\count292
LaTeX Info: Redefining \bmod on input line 904.
LaTeX Info: Redefining \pmod on input line 909.
LaTeX Info: Redefining \smash on input line 939.
LaTeX Info: Redefining \relbar on input line 969.
LaTeX Info: Redefining \Relbar on input line 970.
\c@MaxMatrixCols=\count293
\dotsspace@=\muskip17
\c@parentequation=\count294
\dspbrk@lvl=\count295
\tag@help=\toks23
\row@=\count296
\column@=\count297
\maxfields@=\count298
\andhelp@=\toks24
\eqnshift@=\dimen155
\alignsep@=\dimen156
\tagshift@=\dimen157
\tagwidth@=\dimen158
\totwidth@=\dimen159
\lineht@=\dimen160
\@envbody=\toks25
\multlinegap=\skip52
\multlinetaggap=\skip53
\mathdisplay@stack=\toks26
LaTeX Info: Redefining \[ on input line 2950.
LaTeX Info: Redefining \] on input line 2951.
)
(/Users/jordi/Library/Application Support/MiKTeX/texmfs/install/tex/latex/amsfo
nts/amssymb.sty
Package: amssymb 2013/01/14 v3.01 AMS font symbols
)
(/Users/jordi/Library/Application Support/MiKTeX/texmfs/install/tex/latex/geome
try/geometry.sty
Package: geometry 2020/01/02 v5.9 Page Geometry

(/Users/jordi/Library/Application Support/MiKTeX/texmfs/install/tex/generic/ift
ex/ifvtex.sty
Package: ifvtex 2019/10/25 v1.7 ifvtex legacy package. Use iftex instead.

(/Users/jordi/Library/Application Support/MiKTeX/texmfs/install/tex/generic/ift
ex/iftex.sty
Package: iftex 2024/12/12 v1.0g TeX engine tests
))
\Gm@cnth=\count299
\Gm@cntv=\count300
\c@Gm@tempcnt=\count301
\Gm@bindingoffset=\dimen161
\Gm@wd@mp=\dimen162
\Gm@odd@mp=\dimen163
\Gm@even@mp=\dimen164
\Gm@layoutwidth=\dimen165
\Gm@layoutheight=\dimen166
\Gm@layouthoffset=\dimen167
\Gm@layoutvoffset=\dimen168
\Gm@dimlist=\toks27

(/Users/jordi/Library/Application Support/MiKTeX/texmfs/install/tex/latex/geome
try/geometry.cfg))
(/Users/jordi/Library/Application Support/MiKTeX/texmfs/install/tex/latex/tools
/afterpage.sty
Package: afterpage 2023/07/04 v1.08 After-Page Package (DPC)
\AP@output=\toks28
\AP@partial=\box55
\AP@footins=\box56
)
(/Users/jordi/Library/Application Support/MiKTeX/texmfs/install/tex/latex/color
tbl/colortbl.sty
Package: colortbl 2024/10/29 v1.0k Color table columns (DPC)

(/Users/jordi/Library/Application Support/MiKTeX/texmfs/install/tex/latex/tools
/array.sty
Package: array 2025/09/25 v2.6n Tabular extension package (FMi)
\col@sep=\dimen169
\ar@mcellbox=\box57
\extrarowheight=\dimen170
\NC@list=\toks29
\extratabsurround=\skip54
\backup@length=\skip55
\ar@cellbox=\box58
)
(/Users/jordi/Library/Application Support/MiKTeX/texmfs/install/tex/latex/graph
ics/color.sty
Package: color 2025/01/14 v1.3e Standard LaTeX Color (DPC)

(/Users/jordi/Library/Application Support/MiKTeX/texmfs/install/tex/latex/graph
ics-cfg/color.cfg
File: color.cfg 2016/01/02 v1.6 sample color configuration
)
Package color Info: Driver file: pdftex.def on input line 149.

(/Users/jordi/Library/Application Support/MiKTeX/texmfs/install/tex/latex/graph
ics/mathcolor.ltx))
\everycr=\toks30
\minrowclearance=\skip56
\rownum=\count302
)
(/Users/jordi/Library/Application Support/MiKTeX/texmfs/install/tex/latex/tools
/longtable.sty
Package: longtable 2025-10-13 v4.24 Multi-page Table package (DPC)
\LTleft=\skip57
\LTright=\skip58
\LTpre=\skip59
\LTpost=\skip60
\LTchunksize=\count303
\LTcapwidth=\dimen171
\LT@head=\box59
\LT@firsthead=\box60
\LT@foot=\box61
\LT@lastfoot=\box62
\LT@gbox=\box63
\LT@cols=\count304
\LT@rows=\count305
\c@LT@tables=\count306
\c@LT@chunks=\count307
\LT@p@ftn=\toks31
)
(/Users/jordi/Library/Application Support/MiKTeX/texmfs/install/tex/latex/hyper
ref/hyperref.sty
Package: hyperref 2026-01-29 v7.01p Hypertext links for LaTeX

(/Users/jordi/Library/Application Support/MiKTeX/texmfs/install/tex/latex/kvset
keys/kvsetkeys.sty
Package: kvsetkeys 2022-10-05 v1.19 Key value parser (HO)
)
(/Users/jordi/Library/Application Support/MiKTeX/texmfs/install/tex/generic/kvd
efinekeys/kvdefinekeys.sty
Package: kvdefinekeys 2019-12-19 v1.6 Define keys (HO)
)
(/Users/jordi/Library/Application Support/MiKTeX/texmfs/install/tex/generic/pdf
escape/pdfescape.sty
Package: pdfescape 2019/12/09 v1.15 Implements pdfTeX's escape features (HO)

(/Users/jordi/Library/Application Support/MiKTeX/texmfs/install/tex/generic/ltx
cmds/ltxcmds.sty
Package: ltxcmds 2023-12-04 v1.26 LaTeX kernel commands for general use (HO)
)
(/Users/jordi/Library/Application Support/MiKTeX/texmfs/install/tex/generic/pdf
texcmds/pdftexcmds.sty
Package: pdftexcmds 2020-06-27 v0.33 Utility functions of pdfTeX for LuaTeX (HO
)

(/Users/jordi/Library/Application Support/MiKTeX/texmfs/install/tex/generic/inf
warerr/infwarerr.sty
Package: infwarerr 2019/12/03 v1.5 Providing info/warning/error messages (HO)
)
Package pdftexcmds Info: \pdf@primitive is available.
Package pdftexcmds Info: \pdf@ifprimitive is available.
Package pdftexcmds Info: \pdfdraftmode found.
))
(/Users/jordi/Library/Application Support/MiKTeX/texmfs/install/tex/latex/hycol
or/hycolor.sty
Package: hycolor 2020-01-27 v1.10 Color options for hyperref/bookmark (HO)
)
(/Users/jordi/Library/Application Support/MiKTeX/texmfs/install/tex/latex/hyper
ref/nameref.sty
Package: nameref 2026-01-29 v2.58 Cross-referencing by name of section

(/Users/jordi/Library/Application Support/MiKTeX/texmfs/install/tex/latex/refco
unt/refcount.sty
Package: refcount 2019/12/15 v3.6 Data extraction from label references (HO)
)
(/Users/jordi/Library/Application Support/MiKTeX/texmfs/install/tex/generic/get
titlestring/gettitlestring.sty
Package: gettitlestring 2019/12/15 v1.6 Cleanup title references (HO)

(/Users/jordi/Library/Application Support/MiKTeX/texmfs/install/tex/latex/kvopt
ions/kvoptions.sty
Package: kvoptions 2022-06-15 v3.15 Key value format for package options (HO)
))
\c@section@level=\count308
)
(/Users/jordi/Library/Application Support/MiKTeX/texmfs/install/tex/latex/etool
box/etoolbox.sty
Package: etoolbox 2025/10/02 v2.5m e-TeX tools for LaTeX (JAW)
\etb@tempcnta=\count309
)
(/Users/jordi/Library/Application Support/MiKTeX/texmfs/install/tex/generic/str
ingenc/stringenc.sty
Package: stringenc 2019/11/29 v1.12 Convert strings between diff. encodings (HO
)
)
\@linkdim=\dimen172
\Hy@linkcounter=\count310
\Hy@pagecounter=\count311

(/Users/jordi/Library/Application Support/MiKTeX/texmfs/install/tex/latex/hyper
ref/pd1enc.def
File: pd1enc.def 2026-01-29 v7.01p Hyperref: PDFDocEncoding definition (HO)
Now handling font encoding PD1 ...
... no UTF-8 mapping file for font encoding PD1
)
(/Users/jordi/Library/Application Support/MiKTeX/texmfs/install/tex/generic/int
calc/intcalc.sty
Package: intcalc 2019/12/15 v1.3 Expandable calculations with integers (HO)
)
\Hy@SavedSpaceFactor=\count312

(/Users/jordi/Library/Application Support/MiKTeX/texmfs/install/tex/latex/hyper
ref/puenc.def
File: puenc.def 2026-01-29 v7.01p Hyperref: PDF Unicode definition (HO)
Now handling font encoding PU ...
... no UTF-8 mapping file for font encoding PU
)
Package hyperref Info: Hyper figures OFF on input line 4201.
Package hyperref Info: Link nesting OFF on input line 4206.
Package hyperref Info: Hyper index ON on input line 4209.
Package hyperref Info: Plain pages OFF on input line 4216.
Package hyperref Info: Backreferencing OFF on input line 4221.
Package hyperref Info: Implicit mode ON; LaTeX internals redefined.
Package hyperref Info: Bookmarks ON on input line 4468.
\c@Hy@tempcnt=\count313

(/Users/jordi/Library/Application Support/MiKTeX/texmfs/install/tex/latex/url/u
rl.sty
\Urlmuskip=\muskip18
Package: url 2013/09/16  ver 3.4  Verb mode for urls, etc.
)
LaTeX Info: Redefining \url on input line 4807.
\XeTeXLinkMargin=\dimen173

(/Users/jordi/Library/Application Support/MiKTeX/texmfs/install/tex/generic/bit
set/bitset.sty
Package: bitset 2019/12/09 v1.3 Handle bit-vector datatype (HO)

(/Users/jordi/Library/Application Support/MiKTeX/texmfs/install/tex/generic/big
intcalc/bigintcalc.sty
Package: bigintcalc 2019/12/15 v1.5 Expandable calculations on big integers (HO
)
))
\Fld@menulength=\count314
\Field@Width=\dimen174
\Fld@charsize=\dimen175
Package hyperref Info: Hyper figures OFF on input line 6084.
Package hyperref Info: Link nesting OFF on input line 6089.
Package hyperref Info: Hyper index ON on input line 6092.
Package hyperref Info: backreferencing OFF on input line 6099.
Package hyperref Info: Link coloring OFF on input line 6104.
Package hyperref Info: Link coloring with OCG OFF on input line 6109.
Package hyperref Info: PDF/A mode OFF on input line 6114.
\Hy@abspage=\count315
\c@Item=\count316
\c@Hfootnote=\count317
)
Package hyperref Info: Driver: hpdftex.

(/Users/jordi/Library/Application Support/MiKTeX/texmfs/install/tex/latex/hyper
ref/hpdftex.def
File: hpdftex.def 2026-01-29 v7.01p Hyperref driver for pdfTeX
\Fld@listcount=\count318
\c@bookmark@seq@number=\count319

(/Users/jordi/Library/Application Support/MiKTeX/texmfs/install/tex/latex/rerun
filecheck/rerunfilecheck.sty
Package: rerunfilecheck 2025-06-21 v1.11 Rerun checks for auxiliary files (HO)

(/Users/jordi/Library/Application Support/MiKTeX/texmfs/install/tex/generic/uni
quecounter/uniquecounter.sty
Package: uniquecounter 2019/12/15 v1.4 Provide unlimited unique counter (HO)
)
Package uniquecounter Info: New unique counter `rerunfilecheck' on input line 2
84.
)
\Hy@SectionHShift=\skip61
)
(/Users/jordi/Library/Application Support/MiKTeX/texmfs/install/tex/latex/pdfpa
ges/pdfpages.sty
Package: pdfpages 2025/07/23 v0.6g Insert pages of external PDF documents (AM)

(/Users/jordi/Library/Application Support/MiKTeX/texmfs/install/tex/latex/base/
ifthen.sty
Package: ifthen 2024/03/16 v1.1e Standard LaTeX ifthen package (DPC)
)
(/Users/jordi/Library/Application Support/MiKTeX/texmfs/install/tex/latex/tools
/calc.sty
Package: calc 2025/03/01 v4.3b Infix arithmetic (KKT,FJ)
\calc@Acount=\count320
\calc@Bcount=\count321
\calc@Adimen=\dimen176
\calc@Bdimen=\dimen177
\calc@Askip=\skip62
\calc@Bskip=\skip63
LaTeX Info: Redefining \setlength on input line 86.
LaTeX Info: Redefining \addtolength on input line 87.
\calc@Ccount=\count322
\calc@Cskip=\skip64
)
(/Users/jordi/Library/Application Support/MiKTeX/texmfs/install/tex/latex/eso-p
ic/eso-pic.sty
Package: eso-pic 2025/12/10 v3.0d eso-pic (RN)
\ESO@tempdima=\dimen178
\ESO@tempdimb=\dimen179
)
\AM@pagewidth=\dimen180
\AM@pageheight=\dimen181
\AM@fboxrule=\dimen182

(/Users/jordi/Library/Application Support/MiKTeX/texmfs/install/tex/latex/pdfpa
ges/pppdftex.def
File: pppdftex.def 2025/07/23 v0.6g Pdfpages driver for pdfTeX (AM)
)
\pdfpages@includegraphics@status=\count323
\AM@pagebox=\box64
\AM@global@opts=\toks32
\AM@pagecnt=\count324
\AM@toc@title=\toks33
\AM@lof@heading=\toks34
\c@AM@survey=\count325
\AM@templatesizebox=\box65
)
(/Users/jordi/Library/Application Support/MiKTeX/texmfs/install/tex/latex/footm
isc/footmisc.sty
Package: footmisc 2025/05/09 v7.0b a miscellany of footnote facilities
\FN@temptoken=\toks35
\footnotemargin=\dimen183
Package footmisc Info: Declaring symbol style bringhurst on input line 549.
Package footmisc Info: Declaring symbol style chicago on input line 557.
Package footmisc Info: Declaring symbol style wiley on input line 566.
Package footmisc Info: Declaring symbol style lamport-robust on input line 577.

Package footmisc Info: Declaring symbol style lamport* on input line 597.
Package footmisc Info: Declaring symbol style lamport*-robust on input line 618
.
)
(/Users/jordi/Library/Application Support/MiKTeX/texmfs/install/tex/latex/parsk
ip/parskip.sty
Package: parskip 2021-03-14 v2.0h non-zero parskip adjustments
)
(/Users/jordi/Library/Application Support/MiKTeX/texmfs/install/tex/latex/graph
ics/lscape.sty
Package: lscape 2020/05/28 v3.02 Landscape Pages (DPC)
)
(/Users/jordi/Library/Application Support/MiKTeX/texmfs/install/tex/latex/pgfga
ntt/pgfgantt.sty
Package: pgfgantt 2024/06/19 v5.0a Draw Gantt diagrams with TikZ

(/Users/jordi/Library/Application Support/MiKTeX/texmfs/install/tex/latex/pgf/f
rontendlayer/tikz.sty
(/Users/jordi/Library/Application Support/MiKTeX/texmfs/install/tex/latex/pgf/b
asiclayer/pgf.sty
(/Users/jordi/Library/Application Support/MiKTeX/texmfs/install/tex/latex/pgf/u
tilities/pgfrcs.sty
(/Users/jordi/Library/Application Support/MiKTeX/texmfs/install/tex/generic/pgf
/utilities/pgfutil-common.tex
\pgfutil@everybye=\toks36
\pgfutil@tempdima=\dimen184
\pgfutil@tempdimb=\dimen185
)
(/Users/jordi/Library/Application Support/MiKTeX/texmfs/install/tex/generic/pgf
/utilities/pgfutil-latex.def
\pgfutil@abb=\box66
)
(/Users/jordi/Library/Application Support/MiKTeX/texmfs/install/tex/generic/pgf
/utilities/pgfrcs.code.tex
(/Users/jordi/Library/Application Support/MiKTeX/texmfs/install/tex/generic/pgf
/pgf.revision.tex)
Package: pgfrcs 2025-08-29 v3.1.11a (3.1.11a)
))
Package: pgf 2025-08-29 v3.1.11a (3.1.11a)

(/Users/jordi/Library/Application Support/MiKTeX/texmfs/install/tex/latex/pgf/b
asiclayer/pgfcore.sty
(/Users/jordi/Library/Application Support/MiKTeX/texmfs/install/tex/latex/pgf/s
ystemlayer/pgfsys.sty
(/Users/jordi/Library/Application Support/MiKTeX/texmfs/install/tex/generic/pgf
/systemlayer/pgfsys.code.tex
Package: pgfsys 2025-08-29 v3.1.11a (3.1.11a)

(/Users/jordi/Library/Application Support/MiKTeX/texmfs/install/tex/generic/pgf
/utilities/pgfkeys.code.tex
\pgfkeys@pathtoks=\toks37
\pgfkeys@temptoks=\toks38

(/Users/jordi/Library/Application Support/MiKTeX/texmfs/install/tex/generic/pgf
/utilities/pgfkeyslibraryfiltered.code.tex
\pgfkeys@tmptoks=\toks39
))
\pgf@x=\dimen186
\pgf@y=\dimen187
\pgf@xa=\dimen188
\pgf@ya=\dimen189
\pgf@xb=\dimen190
\pgf@yb=\dimen191
\pgf@xc=\dimen192
\pgf@yc=\dimen193
\pgf@xd=\dimen194
\pgf@yd=\dimen195
\w@pgf@writea=\write3
\r@pgf@reada=\read3
\c@pgf@counta=\count326
\c@pgf@countb=\count327
\c@pgf@countc=\count328
\c@pgf@countd=\count329
\t@pgf@toka=\toks40
\t@pgf@tokb=\toks41
\t@pgf@tokc=\toks42
\pgf@sys@id@count=\count330

(/Users/jordi/Library/Application Support/MiKTeX/texmfs/install/tex/generic/pgf
/systemlayer/pgf.cfg
File: pgf.cfg 2025-08-29 v3.1.11a (3.1.11a)
)
Driver file for pgf: pgfsys-pdftex.def

(/Users/jordi/Library/Application Support/MiKTeX/texmfs/install/tex/generic/pgf
/systemlayer/pgfsys-pdftex.def
File: pgfsys-pdftex.def 2025-08-29 v3.1.11a (3.1.11a)

(/Users/jordi/Library/Application Support/MiKTeX/texmfs/install/tex/generic/pgf
/systemlayer/pgfsys-common-pdf.def
File: pgfsys-common-pdf.def 2025-08-29 v3.1.11a (3.1.11a)
)))
(/Users/jordi/Library/Application Support/MiKTeX/texmfs/install/tex/generic/pgf
/systemlayer/pgfsyssoftpath.code.tex
File: pgfsyssoftpath.code.tex 2025-08-29 v3.1.11a (3.1.11a)
\pgfsyssoftpath@smallbuffer@items=\count331
\pgfsyssoftpath@bigbuffer@items=\count332
)
(/Users/jordi/Library/Application Support/MiKTeX/texmfs/install/tex/generic/pgf
/systemlayer/pgfsysprotocol.code.tex
File: pgfsysprotocol.code.tex 2025-08-29 v3.1.11a (3.1.11a)
))
(/Users/jordi/Library/Application Support/MiKTeX/texmfs/install/tex/latex/xcolo
r/xcolor.sty
Package: xcolor 2024/09/29 v3.02 LaTeX color extensions (UK)

(/Users/jordi/Library/Application Support/MiKTeX/texmfs/install/tex/latex/graph
ics-cfg/color.cfg
File: color.cfg 2016/01/02 v1.6 sample color configuration
)
Package xcolor Info: Driver file: pdftex.def on input line 274.
LaTeX Info: Redefining \color on input line 762.

(/Users/jordi/Library/Application Support/MiKTeX/texmfs/install/tex/latex/graph
ics/mathcolor.ltx)
Package xcolor Info: Model `cmy' substituted by `cmy0' on input line 1349.
Package xcolor Info: Model `hsb' substituted by `rgb' on input line 1353.
Package xcolor Info: Model `RGB' extended on input line 1365.
Package xcolor Info: Model `HTML' substituted by `rgb' on input line 1367.
Package xcolor Info: Model `Hsb' substituted by `hsb' on input line 1368.
Package xcolor Info: Model `tHsb' substituted by `hsb' on input line 1369.
Package xcolor Info: Model `HSB' substituted by `hsb' on input line 1370.
Package xcolor Info: Model `Gray' substituted by `gray' on input line 1371.
Package xcolor Info: Model `wave' substituted by `hsb' on input line 1372.
)
(/Users/jordi/Library/Application Support/MiKTeX/texmfs/install/tex/generic/pgf
/basiclayer/pgfcore.code.tex
Package: pgfcore 2025-08-29 v3.1.11a (3.1.11a)

(/Users/jordi/Library/Application Support/MiKTeX/texmfs/install/tex/generic/pgf
/math/pgfmath.code.tex
(/Users/jordi/Library/Application Support/MiKTeX/texmfs/install/tex/generic/pgf
/math/pgfmathutil.code.tex)
(/Users/jordi/Library/Application Support/MiKTeX/texmfs/install/tex/generic/pgf
/math/pgfmathparser.code.tex
\pgfmath@dimen=\dimen196
\pgfmath@count=\count333
\pgfmath@box=\box67
\pgfmath@toks=\toks43
\pgfmath@stack@operand=\toks44
\pgfmath@stack@operation=\toks45
)
(/Users/jordi/Library/Application Support/MiKTeX/texmfs/install/tex/generic/pgf
/math/pgfmathfunctions.code.tex)
(/Users/jordi/Library/Application Support/MiKTeX/texmfs/install/tex/generic/pgf
/math/pgfmathfunctions.basic.code.tex)
(/Users/jordi/Library/Application Support/MiKTeX/texmfs/install/tex/generic/pgf
/math/pgfmathfunctions.trigonometric.code.tex)
(/Users/jordi/Library/Application Support/MiKTeX/texmfs/install/tex/generic/pgf
/math/pgfmathfunctions.random.code.tex)
(/Users/jordi/Library/Application Support/MiKTeX/texmfs/install/tex/generic/pgf
/math/pgfmathfunctions.comparison.code.tex)
(/Users/jordi/Library/Application Support/MiKTeX/texmfs/install/tex/generic/pgf
/math/pgfmathfunctions.base.code.tex)
(/Users/jordi/Library/Application Support/MiKTeX/texmfs/install/tex/generic/pgf
/math/pgfmathfunctions.round.code.tex)
(/Users/jordi/Library/Application Support/MiKTeX/texmfs/install/tex/generic/pgf
/math/pgfmathfunctions.misc.code.tex)
(/Users/jordi/Library/Application Support/MiKTeX/texmfs/install/tex/generic/pgf
/math/pgfmathfunctions.integerarithmetics.code.tex)
(/Users/jordi/Library/Application Support/MiKTeX/texmfs/install/tex/generic/pgf
/math/pgfmathcalc.code.tex)
(/Users/jordi/Library/Application Support/MiKTeX/texmfs/install/tex/generic/pgf
/math/pgfmathfloat.code.tex
\c@pgfmathroundto@lastzeros=\count334
))
(/Users/jordi/Library/Application Support/MiKTeX/texmfs/install/tex/generic/pgf
/math/pgfint.code.tex)
(/Users/jordi/Library/Application Support/MiKTeX/texmfs/install/tex/generic/pgf
/basiclayer/pgfcorepoints.code.tex
File: pgfcorepoints.code.tex 2025-08-29 v3.1.11a (3.1.11a)
\pgf@picminx=\dimen197
\pgf@picmaxx=\dimen198
\pgf@picminy=\dimen199
\pgf@picmaxy=\dimen256
\pgf@pathminx=\dimen257
\pgf@pathmaxx=\dimen258
\pgf@pathminy=\dimen259
\pgf@pathmaxy=\dimen260
\pgf@xx=\dimen261
\pgf@xy=\dimen262
\pgf@yx=\dimen263
\pgf@yy=\dimen264
\pgf@zx=\dimen265
\pgf@zy=\dimen266
)
(/Users/jordi/Library/Application Support/MiKTeX/texmfs/install/tex/generic/pgf
/basiclayer/pgfcorepathconstruct.code.tex
File: pgfcorepathconstruct.code.tex 2025-08-29 v3.1.11a (3.1.11a)
\pgf@path@lastx=\dimen267
\pgf@path@lasty=\dimen268
)
(/Users/jordi/Library/Application Support/MiKTeX/texmfs/install/tex/generic/pgf
/basiclayer/pgfcorepathusage.code.tex
File: pgfcorepathusage.code.tex 2025-08-29 v3.1.11a (3.1.11a)
\pgf@shorten@end@additional=\dimen269
\pgf@shorten@start@additional=\dimen270
)
(/Users/jordi/Library/Application Support/MiKTeX/texmfs/install/tex/generic/pgf
/basiclayer/pgfcorescopes.code.tex
File: pgfcorescopes.code.tex 2025-08-29 v3.1.11a (3.1.11a)
\pgfpic=\box68
\pgf@hbox=\box69
\pgf@layerbox@main=\box70
\pgf@picture@serial@count=\count335
)
(/Users/jordi/Library/Application Support/MiKTeX/texmfs/install/tex/generic/pgf
/basiclayer/pgfcoregraphicstate.code.tex
File: pgfcoregraphicstate.code.tex 2025-08-29 v3.1.11a (3.1.11a)
\pgflinewidth=\dimen271
)
(/Users/jordi/Library/Application Support/MiKTeX/texmfs/install/tex/generic/pgf
/basiclayer/pgfcoretransformations.code.tex
File: pgfcoretransformations.code.tex 2025-08-29 v3.1.11a (3.1.11a)
\pgf@pt@x=\dimen272
\pgf@pt@y=\dimen273
\pgf@pt@temp=\dimen274
)
(/Users/jordi/Library/Application Support/MiKTeX/texmfs/install/tex/generic/pgf
/basiclayer/pgfcorequick.code.tex
File: pgfcorequick.code.tex 2025-08-29 v3.1.11a (3.1.11a)
)
(/Users/jordi/Library/Application Support/MiKTeX/texmfs/install/tex/generic/pgf
/basiclayer/pgfcoreobjects.code.tex
File: pgfcoreobjects.code.tex 2025-08-29 v3.1.11a (3.1.11a)
)
(/Users/jordi/Library/Application Support/MiKTeX/texmfs/install/tex/generic/pgf
/basiclayer/pgfcorepathprocessing.code.tex
File: pgfcorepathprocessing.code.tex 2025-08-29 v3.1.11a (3.1.11a)
)
(/Users/jordi/Library/Application Support/MiKTeX/texmfs/install/tex/generic/pgf
/basiclayer/pgfcorearrows.code.tex
File: pgfcorearrows.code.tex 2025-08-29 v3.1.11a (3.1.11a)
\pgfarrowsep=\dimen275
)
(/Users/jordi/Library/Application Support/MiKTeX/texmfs/install/tex/generic/pgf
/basiclayer/pgfcoreshade.code.tex
File: pgfcoreshade.code.tex 2025-08-29 v3.1.11a (3.1.11a)
\pgf@max=\dimen276
\pgf@sys@shading@range@num=\count336
\pgf@shadingcount=\count337
)
(/Users/jordi/Library/Application Support/MiKTeX/texmfs/install/tex/generic/pgf
/basiclayer/pgfcoreimage.code.tex
File: pgfcoreimage.code.tex 2025-08-29 v3.1.11a (3.1.11a)
)
(/Users/jordi/Library/Application Support/MiKTeX/texmfs/install/tex/generic/pgf
/basiclayer/pgfcoreexternal.code.tex
File: pgfcoreexternal.code.tex 2025-08-29 v3.1.11a (3.1.11a)
\pgfexternal@startupbox=\box71
)
(/Users/jordi/Library/Application Support/MiKTeX/texmfs/install/tex/generic/pgf
/basiclayer/pgfcorelayers.code.tex
File: pgfcorelayers.code.tex 2025-08-29 v3.1.11a (3.1.11a)
)
(/Users/jordi/Library/Application Support/MiKTeX/texmfs/install/tex/generic/pgf
/basiclayer/pgfcoretransparency.code.tex
File: pgfcoretransparency.code.tex 2025-08-29 v3.1.11a (3.1.11a)
)
(/Users/jordi/Library/Application Support/MiKTeX/texmfs/install/tex/generic/pgf
/basiclayer/pgfcorepatterns.code.tex
File: pgfcorepatterns.code.tex 2025-08-29 v3.1.11a (3.1.11a)
)
(/Users/jordi/Library/Application Support/MiKTeX/texmfs/install/tex/generic/pgf
/basiclayer/pgfcorerdf.code.tex
File: pgfcorerdf.code.tex 2025-08-29 v3.1.11a (3.1.11a)
)))
(/Users/jordi/Library/Application Support/MiKTeX/texmfs/install/tex/generic/pgf
/modules/pgfmoduleshapes.code.tex
File: pgfmoduleshapes.code.tex 2025-08-29 v3.1.11a (3.1.11a)
\pgfnodeparttextbox=\box72
)
(/Users/jordi/Library/Application Support/MiKTeX/texmfs/install/tex/generic/pgf
/modules/pgfmoduleplot.code.tex
File: pgfmoduleplot.code.tex 2025-08-29 v3.1.11a (3.1.11a)
)
(/Users/jordi/Library/Application Support/MiKTeX/texmfs/install/tex/latex/pgf/c
ompatibility/pgfcomp-version-0-65.sty
Package: pgfcomp-version-0-65 2025-08-29 v3.1.11a (3.1.11a)
\pgf@nodesepstart=\dimen277
\pgf@nodesepend=\dimen278
)
(/Users/jordi/Library/Application Support/MiKTeX/texmfs/install/tex/latex/pgf/c
ompatibility/pgfcomp-version-1-18.sty
Package: pgfcomp-version-1-18 2025-08-29 v3.1.11a (3.1.11a)
))
(/Users/jordi/Library/Application Support/MiKTeX/texmfs/install/tex/latex/pgf/u
tilities/pgffor.sty
(/Users/jordi/Library/Application Support/MiKTeX/texmfs/install/tex/latex/pgf/u
tilities/pgfkeys.sty
(/Users/jordi/Library/Application Support/MiKTeX/texmfs/install/tex/generic/pgf
/utilities/pgfkeys.code.tex))
(/Users/jordi/Library/Application Support/MiKTeX/texmfs/install/tex/latex/pgf/m
ath/pgfmath.sty
(/Users/jordi/Library/Application Support/MiKTeX/texmfs/install/tex/generic/pgf
/math/pgfmath.code.tex))
(/Users/jordi/Library/Application Support/MiKTeX/texmfs/install/tex/generic/pgf
/utilities/pgffor.code.tex
Package: pgffor 2025-08-29 v3.1.11a (3.1.11a)
\pgffor@iter=\dimen279
\pgffor@skip=\dimen280
\pgffor@stack=\toks46
\pgffor@toks=\toks47
))
(/Users/jordi/Library/Application Support/MiKTeX/texmfs/install/tex/generic/pgf
/frontendlayer/tikz/tikz.code.tex
Package: tikz 2025-08-29 v3.1.11a (3.1.11a)

(/Users/jordi/Library/Application Support/MiKTeX/texmfs/install/tex/generic/pgf
/libraries/pgflibraryplothandlers.code.tex
File: pgflibraryplothandlers.code.tex 2025-08-29 v3.1.11a (3.1.11a)
\pgf@plot@mark@count=\count338
\pgfplotmarksize=\dimen281
)
\tikz@lastx=\dimen282
\tikz@lasty=\dimen283
\tikz@lastxsaved=\dimen284
\tikz@lastysaved=\dimen285
\tikz@lastmovetox=\dimen286
\tikz@lastmovetoy=\dimen287
\tikzleveldistance=\dimen288
\tikzsiblingdistance=\dimen289
\tikz@figbox=\box73
\tikz@figbox@bg=\box74
\tikz@tempbox=\box75
\tikz@tempbox@bg=\box76
\tikztreelevel=\count339
\tikznumberofchildren=\count340
\tikznumberofcurrentchild=\count341
\tikz@fig@count=\count342

(/Users/jordi/Library/Application Support/MiKTeX/texmfs/install/tex/generic/pgf
/modules/pgfmodulematrix.code.tex
File: pgfmodulematrix.code.tex 2025-08-29 v3.1.11a (3.1.11a)
\pgfmatrixcurrentrow=\count343
\pgfmatrixcurrentcolumn=\count344
\pgf@matrix@numberofcolumns=\count345
)
\tikz@expandcount=\count346

(/Users/jordi/Library/Application Support/MiKTeX/texmfs/install/tex/generic/pgf
/frontendlayer/tikz/libraries/tikzlibrarytopaths.code.tex
File: tikzlibrarytopaths.code.tex 2025-08-29 v3.1.11a (3.1.11a)
)))
(/Users/jordi/Library/Application Support/MiKTeX/texmfs/install/tex/generic/pgf
/frontendlayer/tikz/libraries/tikzlibraryarrows.code.tex
File: tikzlibraryarrows.code.tex 2025-08-29 v3.1.11a (3.1.11a)

(/Users/jordi/Library/Application Support/MiKTeX/texmfs/install/tex/generic/pgf
/libraries/pgflibraryarrows.code.tex
File: pgflibraryarrows.code.tex 2025-08-29 v3.1.11a (3.1.11a)
\arrowsize=\dimen290
))
(/Users/jordi/Library/Application Support/MiKTeX/texmfs/install/tex/generic/pgf
/frontendlayer/tikz/libraries/tikzlibrarybackgrounds.code.tex
File: tikzlibrarybackgrounds.code.tex 2025-08-29 v3.1.11a (3.1.11a)
\pgf@layerbox@background=\box77
\pgf@layerboxsaved@background=\box78
)
(/Users/jordi/Library/Application Support/MiKTeX/texmfs/install/tex/generic/pgf
/frontendlayer/tikz/libraries/tikzlibrarycalc.code.tex
File: tikzlibrarycalc.code.tex 2025-08-29 v3.1.11a (3.1.11a)
)
(/Users/jordi/Library/Application Support/MiKTeX/texmfs/install/tex/generic/pgf
/frontendlayer/tikz/libraries/tikzlibrarypatterns.code.tex
File: tikzlibrarypatterns.code.tex 2025-08-29 v3.1.11a (3.1.11a)

(/Users/jordi/Library/Application Support/MiKTeX/texmfs/install/tex/generic/pgf
/libraries/pgflibrarypatterns.code.tex
File: pgflibrarypatterns.code.tex 2025-08-29 v3.1.11a (3.1.11a)
))
(/Users/jordi/Library/Application Support/MiKTeX/texmfs/install/tex/generic/pgf
/frontendlayer/tikz/libraries/tikzlibrarypositioning.code.tex
File: tikzlibrarypositioning.code.tex 2025-08-29 v3.1.11a (3.1.11a)
)
(/Users/jordi/Library/Application Support/MiKTeX/texmfs/install/tex/generic/pgf
/frontendlayer/tikz/libraries/tikzlibraryshapes.geometric.code.tex
File: tikzlibraryshapes.geometric.code.tex 2025-08-29 v3.1.11a (3.1.11a)

(/Users/jordi/Library/Application Support/MiKTeX/texmfs/install/tex/generic/pgf
/libraries/shapes/pgflibraryshapes.geometric.code.tex
File: pgflibraryshapes.geometric.code.tex 2025-08-29 v3.1.11a (3.1.11a)
))
(/Users/jordi/Library/Application Support/MiKTeX/texmfs/install/tex/latex/pgf/u
tilities/pgfcalendar.sty
(/Users/jordi/Library/Application Support/MiKTeX/texmfs/install/tex/generic/pgf
/utilities/pgfcalendar.code.tex
File: pgfcalendar.code.tex 2025-08-29 v3.1.11a (3.1.11a)
\pgfcalendarcurrentjulian=\count347
\pgf@cal@easter@Y=\count348
\pgf@cal@easter@G=\count349
\pgf@cal@easter@C=\count350
\pgf@cal@easter@X=\count351
\pgf@cal@easter@Z=\count352
\pgf@cal@easter@D=\count353
\pgf@cal@easter@E=\count354
\pgf@cal@easter@N=\count355
\pgf@cal@easter@M=\count356
\pgf@cal@easter@julianday=\count357
))
\gtt@currentline=\count358
\gtt@lasttitleline=\count359
\gtt@currgrid=\count360
\gtt@chartwidth=\count361
\gtt@lasttitleslot=\count362
\gtt@elementid=\count363
\gtt@today@slot=\count364
\gtt@startjulian=\count365
\gtt@endjulian=\count366
\gtt@chartid=\count367
\gtt@vrule@slot=\count368
\gtt@calendar@slots=\count369
\gtt@calendar@weeknumber=\count370
\gtt@calendar@startofweek=\count371
\gtt@left@slot=\count372
\gtt@right@slot=\count373
)
(/Users/jordi/Library/Application Support/MiKTeX/texmfs/install/tex/generic/pgf
/libraries/pgflibraryarrows.meta.code.tex
File: pgflibraryarrows.meta.code.tex 2025-08-29 v3.1.11a (3.1.11a)
\pgfarrowinset=\dimen291
\pgfarrowlength=\dimen292
\pgfarrowwidth=\dimen293
\pgfarrowlinewidth=\dimen294
)
(/Users/jordi/Library/Application Support/MiKTeX/texmfs/install/tex/generic/pgf
/frontendlayer/tikz/libraries/tikzlibraryfit.code.tex
File: tikzlibraryfit.code.tex 2025-08-29 v3.1.11a (3.1.11a)
)
(/Users/jordi/Library/Application Support/MiKTeX/texmfs/install/tex/latex/bibla
tex/biblatex.sty
Package: biblatex 2025/07/10 v3.21 programmable bibliographies (PK/MW)

(/Users/jordi/Library/Application Support/MiKTeX/texmfs/install/tex/latex/logre
q/logreq.sty
Package: logreq 2010/08/04 v1.0 xml request logger
\lrq@indent=\count374

(/Users/jordi/Library/Application Support/MiKTeX/texmfs/install/tex/latex/logre
q/logreq.def
File: logreq.def 2010/08/04 v1.0 logreq spec v1.0
))
\c@tabx@nest=\count375
\c@listtotal=\count376
\c@listcount=\count377
\c@liststart=\count378
\c@liststop=\count379
\c@citecount=\count380
\c@citetotal=\count381
\c@multicitecount=\count382
\c@multicitetotal=\count383
\c@instcount=\count384
\c@maxnames=\count385
\c@minnames=\count386
\c@maxitems=\count387
\c@minitems=\count388
\c@citecounter=\count389
\c@maxcitecounter=\count390
\c@savedcitecounter=\count391
\c@uniquelist=\count392
\c@uniquename=\count393
\c@refsection=\count394
\c@refsegment=\count395
\c@maxextratitle=\count396
\c@maxextratitleyear=\count397
\c@maxextraname=\count398
\c@maxextradate=\count399
\c@maxextraalpha=\count400
\c@abbrvpenalty=\count401
\c@highnamepenalty=\count402
\c@lownamepenalty=\count403
\c@maxparens=\count404
\c@parenlevel=\count405
\blx@tempcnta=\count406
\blx@tempcntb=\count407
\blx@tempcntc=\count408
\c@blx@maxsection=\count409
\blx@maxsegment@0=\count410
\blx@notetype=\count411
\blx@parenlevel@text=\count412
\blx@parenlevel@foot=\count413
\blx@sectionciteorder@0=\count414
\blx@sectionciteorderinternal@0=\count415
\blx@entrysetcounter=\count416
\blx@biblioinstance=\count417
\labelnumberwidth=\skip65
\labelalphawidth=\skip66
\biblabelsep=\skip67
\bibitemsep=\skip68
\bibnamesep=\skip69
\bibinitsep=\skip70
\bibparsep=\skip71
\bibhang=\skip72
\blx@bcfin=\read4
\blx@bcfout=\write4
\blx@langwohyphens=\language80
\c@mincomprange=\count418
\c@maxcomprange=\count419
\c@mincompwidth=\count420
Package biblatex Info: Trying to load biblatex default data model...
Package biblatex Info: ... file 'blx-dm.def' found.

(/Users/jordi/Library/Application Support/MiKTeX/texmfs/install/tex/latex/bibla
tex/blx-dm.def
File: blx-dm.def 2025/07/10 v3.21 biblatex datamodel (PK/MW)
)
Package biblatex Info: Trying to load biblatex style data model...
Package biblatex Info: ... file 'authoryear.dbx' not found.
Package biblatex Info: Trying to load biblatex custom data model...
Package biblatex Info: ... file 'biblatex-dm.cfg' not found.
\c@afterword=\count421
\c@savedafterword=\count422
\c@annotator=\count423
\c@savedannotator=\count424
\c@author=\count425
\c@savedauthor=\count426
\c@bookauthor=\count427
\c@savedbookauthor=\count428
\c@commentator=\count429
\c@savedcommentator=\count430
\c@editor=\count431
\c@savededitor=\count432
\c@editora=\count433
\c@savededitora=\count434
\c@editorb=\count435
\c@savededitorb=\count436
\c@editorc=\count437
\c@savededitorc=\count438
\c@foreword=\count439
\c@savedforeword=\count440
\c@holder=\count441
\c@savedholder=\count442
\c@introduction=\count443
\c@savedintroduction=\count444
\c@namea=\count445
\c@savednamea=\count446
\c@nameb=\count447
\c@savednameb=\count448
\c@namec=\count449
\c@savednamec=\count450
\c@translator=\count451
\c@savedtranslator=\count452
\c@shortauthor=\count453
\c@savedshortauthor=\count454
\c@shorteditor=\count455
\c@savedshorteditor=\count456
\c@labelname=\count457
\c@savedlabelname=\count458
\c@institution=\count459
\c@savedinstitution=\count460
\c@lista=\count461
\c@savedlista=\count462
\c@listb=\count463
\c@savedlistb=\count464
\c@listc=\count465
\c@savedlistc=\count466
\c@listd=\count467
\c@savedlistd=\count468
\c@liste=\count469
\c@savedliste=\count470
\c@listf=\count471
\c@savedlistf=\count472
\c@location=\count473
\c@savedlocation=\count474
\c@organization=\count475
\c@savedorganization=\count476
\c@origlocation=\count477
\c@savedoriglocation=\count478
\c@origpublisher=\count479
\c@savedorigpublisher=\count480
\c@publisher=\count481
\c@savedpublisher=\count482
\c@language=\count483
\c@savedlanguage=\count484
\c@origlanguage=\count485
\c@savedoriglanguage=\count486
\c@pageref=\count487
\c@savedpageref=\count488
\shorthandwidth=\skip73
\shortjournalwidth=\skip74
\shortserieswidth=\skip75
\shorttitlewidth=\skip76
\shortauthorwidth=\skip77
\shorteditorwidth=\skip78
\locallabelnumberwidth=\skip79
\locallabelalphawidth=\skip80
\localshorthandwidth=\skip81
\localshortjournalwidth=\skip82
\localshortserieswidth=\skip83
\localshorttitlewidth=\skip84
\localshortauthorwidth=\skip85
\localshorteditorwidth=\skip86
Package biblatex Info: Trying to load compatibility code...
Package biblatex Info: ... file 'blx-compat.def' found.

(/Users/jordi/Library/Application Support/MiKTeX/texmfs/install/tex/latex/bibla
tex/blx-compat.def
File: blx-compat.def 2025/07/10 v3.21 biblatex compatibility (PK/MW)
)
Package biblatex Info: Trying to load generic definitions...
Package biblatex Info: ... file 'biblatex.def' found.

(/Users/jordi/Library/Application Support/MiKTeX/texmfs/install/tex/latex/bibla
tex/biblatex.def
File: biblatex.def 2025/07/10 v3.21 biblatex compatibility (PK/MW)
\c@textcitecount=\count489
\c@textcitetotal=\count490
\c@textcitemaxnames=\count491
\c@biburlbigbreakpenalty=\count492
\c@biburlbreakpenalty=\count493
\c@biburlnumpenalty=\count494
\c@biburlucpenalty=\count495
\c@biburllcpenalty=\count496
\biburlbigskip=\muskip19
\biburlnumskip=\muskip20
\biburlucskip=\muskip21
\biburllcskip=\muskip22
\c@smartand=\count497
)
Package biblatex Info: Trying to load bibliography style 'authoryear'...
Package biblatex Info: ... file 'authoryear.bbx' found.

(/Users/jordi/Library/Application Support/MiKTeX/texmfs/install/tex/latex/bibla
tex/bbx/authoryear.bbx
File: authoryear.bbx 2025/07/10 v3.21 biblatex bibliography style (PK/MW)
Package biblatex Info: Trying to load bibliography style 'standard'...
Package biblatex Info: ... file 'standard.bbx' found.

(/Users/jordi/Library/Application Support/MiKTeX/texmfs/install/tex/latex/bibla
tex/bbx/standard.bbx
File: standard.bbx 2025/07/10 v3.21 biblatex bibliography style (PK/MW)
\c@bbx:relatedcount=\count498
\c@bbx:relatedtotal=\count499
))
Package biblatex Info: Trying to load citation style 'authoryear'...
Package biblatex Info: ... file 'authoryear.cbx' found.

(/Users/jordi/Library/Application Support/MiKTeX/texmfs/install/tex/latex/bibla
tex/cbx/authoryear.cbx
File: authoryear.cbx 2025/07/10 v3.21 biblatex citation style (PK/MW)
Package biblatex Info: Redefining '\cite'.
Package biblatex Info: Redefining '\parencite'.
Package biblatex Info: Redefining '\footcite'.
Package biblatex Info: Redefining '\footcitetext'.
Package biblatex Info: Redefining '\smartcite'.
Package biblatex Info: Redefining '\textcite'.
Package biblatex Info: Redefining '\textcites'.
)
Package biblatex Info: Trying to load configuration file...
Package biblatex Info: ... file 'biblatex.cfg' found.

(/Users/jordi/Library/Application Support/MiKTeX/texmfs/install/tex/latex/bibla
tex/biblatex.cfg
File: biblatex.cfg 
)
Package biblatex Info: Input encoding 'utf8' detected.
Package biblatex Info: Document encoding is UTF8 ....

(/Users/jordi/Library/Application Support/MiKTeX/texmfs/install/tex/latex/l3ker
nel/expl3.sty
Package: expl3 2026-01-19 L3 programming layer (loader) 

(/Users/jordi/Library/Application Support/MiKTeX/texmfs/install/tex/latex/l3bac
kend/l3backend-pdftex.def
File: l3backend-pdftex.def 2025-10-09 L3 backend support: PDF output (pdfTeX)
\l__color_backend_stack_int=\count500
))
Package biblatex Info: ... and expl3
(biblatex)             2026-01-19 L3 programming layer (loader) 
(biblatex)             is new enough (at least 2020/04/06),
(biblatex)             setting 'casechanger=expl3'.

(/Users/jordi/Library/Application Support/MiKTeX/texmfs/install/tex/latex/bibla
tex/blx-case-expl3.sty
(/Users/jordi/Library/Application Support/MiKTeX/texmfs/install/tex/latex/l3pac
kages/xparse/xparse.sty
Package: xparse 2025-10-09 L3 Experimental document command parser
)
Package: blx-case-expl3 2025/07/10 v3.21 expl3 case changing code for biblatex
))
Package biblatex Info: Delimiter 'nameyeardelim' in context '' already defined,
 overwriting on input line 42.
Package biblatex Info: Redefining '\cite' on input line 43.
Package biblatex Info: Redefining '\parencite' on input line 48.

(/Users/jordi/Library/Application Support/MiKTeX/texmfs/install/tex/latex/csquo
tes/csquotes.sty
Package: csquotes 2024-04-04 v5.2o context-sensitive quotations (JAW)
\csq@reset=\count501
\csq@gtype=\count502
\csq@glevel=\count503
\csq@qlevel=\count504
\csq@maxlvl=\count505
\csq@tshold=\count506
\csq@ltx@everypar=\toks48

(/Users/jordi/Library/Application Support/MiKTeX/texmfs/install/tex/latex/csquo
tes/csquotes.def
File: csquotes.def 2024-04-04 v5.2o csquotes generic definitions (JAW)
)
Package csquotes Info: Trying to load configuration file 'csquotes.cfg'...
Package csquotes Info: ... configuration file loaded successfully.

(/Users/jordi/Library/Application Support/MiKTeX/texmfs/install/tex/latex/csquo
tes/csquotes.cfg
File: csquotes.cfg 
))
(/Users/jordi/Library/Application Support/MiKTeX/texmfs/install/tex/latex/float
/float.sty
Package: float 2001/11/08 v1.3d Float enhancements (AL)
\c@float@type=\count507
\float@exts=\toks49
\float@box=\box79
\@float@everytoks=\toks50
\@floatcapt=\box80
)
(/Users/jordi/Library/Application Support/MiKTeX/texmfs/install/tex/latex/subfi
gure/subfigure.sty
Package: subfigure 2002/07/30 v2.1.4 subfigure package
\subfigtopskip=\skip87
\subfigcapskip=\skip88
\subfigcaptopadj=\dimen295
\subfigbottomskip=\skip89
\subfigcapmargin=\dimen296
\subfiglabelskip=\skip90
\c@subfigure=\count508
\c@lofdepth=\count509
\c@subtable=\count510
\c@lotdepth=\count511

****************************************
* Local config file subfigure.cfg used *
****************************************

(/Users/jordi/Library/Application Support/MiKTeX/texmfs/install/tex/latex/subfi
gure/subfigure.cfg)
\subfig@top=\skip91
\subfig@bottom=\skip92
)
(/Users/jordi/Library/Application Support/MiKTeX/texmfs/install/tex/latex/fancy
hdr/fancyhdr.sty
Package: fancyhdr 2025/02/07 v5.2 Extensive control of page headers and footers

\f@nch@headwidth=\skip93
\f@nch@offset@elh=\skip94
\f@nch@offset@erh=\skip95
\f@nch@offset@olh=\skip96
\f@nch@offset@orh=\skip97
\f@nch@offset@elf=\skip98
\f@nch@offset@erf=\skip99
\f@nch@offset@olf=\skip100
\f@nch@offset@orf=\skip101
\f@nch@height=\skip102
\f@nch@footalignment=\skip103
\f@nch@widthL=\skip104
\f@nch@widthC=\skip105
\f@nch@widthR=\skip106
\@temptokenb=\toks51
)
(/Users/jordi/Library/Application Support/MiKTeX/texmfs/install/tex/latex/appen
dix/appendix.sty
Package: appendix 2020/02/08 v1.2c extra appendix facilities
\c@@pps=\count512
\c@@ppsavesec=\count513
\c@@ppsaveapp=\count514
)
(/Users/jordi/Library/Application Support/MiKTeX/texmfs/install/tex/latex/tools
/dcolumn.sty
Package: dcolumn 2025/10/21 v1.06 decimal alignment package (DPC)
)
(/Users/jordi/Library/Application Support/MiKTeX/texmfs/install/tex/latex/listi
ngs/listings.sty
\lst@mode=\count515
\lst@gtempboxa=\box81
\lst@token=\toks52
\lst@length=\count516
\lst@currlwidth=\dimen297
\lst@column=\count517
\lst@pos=\count518
\lst@lostspace=\dimen298
\lst@width=\dimen299
\lst@newlines=\count519
\lst@lineno=\count520
\lst@maxwidth=\dimen300

(/Users/jordi/Library/Application Support/MiKTeX/texmfs/install/tex/latex/listi
ngs/lstpatch.sty
File: lstpatch.sty 2025/11/14 1.11b (Carsten Heinz)
)
(/Users/jordi/Library/Application Support/MiKTeX/texmfs/install/tex/latex/listi
ngs/lstmisc.sty
File: lstmisc.sty 2025/11/14 1.11b (Carsten Heinz)
\c@lstnumber=\count521
\lst@skipnumbers=\count522
\lst@framebox=\box82
)
(/Users/jordi/Library/Application Support/MiKTeX/texmfs/install/tex/latex/listi
ngs/listings.cfg
File: listings.cfg 2025/11/14 1.11b listings configuration
))
Package: listings 2025/11/14 1.11b (Carsten Heinz)

==> First Aid for listings.sty no longer applied!
    Expected:
        2024/09/23 1.10c (Carsten Heinz)
    but found:
        2025/11/14 1.11b (Carsten Heinz)
    so I'm assuming it got fixed.
)
Package csquotes Info: Checking for multilingual support...
Package csquotes Info: ... found 'babel' package.
Package csquotes Info: Adjusting default style.
Package csquotes Info: Redefining alias 'default' -> 'spanish'.
LaTeX Font Info:    Trying to load font information for T1+pbk on input line 12
.

(/Users/jordi/Library/Application Support/MiKTeX/texmfs/install/tex/latex/psnfs
s/t1pbk.fd
File: t1pbk.fd 2001/06/04 font definitions for T1/pbk.
)
LaTeX Font Info:    Font shape `T1/pbk/m/n' in size <10.95> not available
(Font)              Font shape `T1/pbk/l/n' tried instead on input line 12.
 (tfg_etsiinf_NombreApellidos.aux
LaTeX Info: Redefining \. on input line 12.
LaTeX Info: Redefining \% on input line 12.
Package babel Info: 'spanish' activates 'spanish' shorthands.
(babel)             Reported on input line 12.
)
\openout1 = `tfg_etsiinf_NombreApellidos.aux'.

LaTeX Font Info:    Checking defaults for OML/cmm/m/it on input line 12.
LaTeX Font Info:    ... okay on input line 12.
LaTeX Font Info:    Checking defaults for OMS/cmsy/m/n on input line 12.
LaTeX Font Info:    ... okay on input line 12.
LaTeX Font Info:    Checking defaults for OT1/cmr/m/n on input line 12.
LaTeX Font Info:    ... okay on input line 12.
LaTeX Font Info:    Checking defaults for T1/cmr/m/n on input line 12.
LaTeX Font Info:    ... okay on input line 12.
LaTeX Font Info:    Checking defaults for TS1/cmr/m/n on input line 12.
LaTeX Font Info:    ... okay on input line 12.
LaTeX Font Info:    Checking defaults for OMX/cmex/m/n on input line 12.
LaTeX Font Info:    ... okay on input line 12.
LaTeX Font Info:    Checking defaults for U/cmr/m/n on input line 12.
LaTeX Font Info:    ... okay on input line 12.
LaTeX Font Info:    Checking defaults for PD1/pdf/m/n on input line 12.
LaTeX Font Info:    ... okay on input line 12.
LaTeX Font Info:    Checking defaults for PU/pdf/m/n on input line 12.
LaTeX Font Info:    ... okay on input line 12.
LaTeX Info: Redefining \. on input line 12.
LaTeX Info: Redefining \% on input line 12.

(/Users/jordi/Library/Application Support/MiKTeX/texmfs/install/tex/context/bas
e/mkii/supp-pdf.mkii
[Loading MPS to PDF converter (version 2006.09.02).]
\scratchcounter=\count523
\scratchdimen=\dimen301
\scratchbox=\box83
\nofMPsegments=\count524
\nofMParguments=\count525
\everyMPshowfont=\toks53
\MPscratchCnt=\count526
\MPscratchDim=\dimen302
\MPnumerator=\count527
\makeMPintoPDFobject=\count528
\everyMPtoPDFconversion=\toks54
)
(/Users/jordi/Library/Application Support/MiKTeX/texmfs/install/tex/latex/epsto
pdf-pkg/epstopdf-base.sty
Package: epstopdf-base 2020-01-24 v2.11 Base part for package epstopdf
Package epstopdf-base Info: Redefining graphics rule for `.eps' on input line 4
85.

(/Users/jordi/Library/Application Support/MiKTeX/texmfs/install/tex/latex/00mik
tex/epstopdf-sys.cfg
File: epstopdf-sys.cfg 2021/03/18 v2.0 Configuration of epstopdf for MiKTeX
))
*geometry* driver: auto-detecting
*geometry* detected driver: pdftex
*geometry* verbose mode - [ preamble ] result:
* driver: pdftex
* paper: a4paper
* layout: <same size as paper>
* layoutoffset:(h,v)=(0.0pt,0.0pt)
* modes: twoside 
* h-part:(L,W,R)=(72.2698pt, 452.96826pt, 72.2698pt)
* v-part:(T,H,B)=(85.35826pt, 674.33032pt, 85.35826pt)
* \paperwidth=597.50787pt
* \paperheight=845.04684pt
* \textwidth=452.96826pt
* \textheight=674.33032pt
* \oddsidemargin=-0.00018pt
* \evensidemargin=-0.00018pt
* \topmargin=-18.78552pt
* \headheight=18.0pt
* \headsep=19.8738pt
* \topskip=11.0pt
* \footskip=27.46295pt
* \marginparwidth=106.0pt
* \marginparsep=7.0pt
* \columnsep=10.0pt
* \skip\footins=10.0pt plus 4.0pt minus 2.0pt
* \hoffset=0.0pt
* \voffset=0.0pt
* \mag=1000
* \@twocolumnfalse
* \@twosidetrue
* \@mparswitchtrue
* \@reversemarginfalse
* (1in=72.27pt=25.4mm, 1cm=28.453pt)

Package hyperref Info: Link coloring OFF on input line 12.
(tfg_etsiinf_NombreApellidos.out) (tfg_etsiinf_NombreApellidos.out)
\@outlinefile=\write5
\openout5 = `tfg_etsiinf_NombreApellidos.out'.


(/Users/jordi/Library/Application Support/MiKTeX/texmfs/install/tex/latex/pdfls
cape/pdflscape.sty
Package: pdflscape 2022-10-27 v0.13 Display of landscape pages in PDF

(/Users/jordi/Library/Application Support/MiKTeX/texmfs/install/tex/latex/pdfls
cape/pdflscape-nometadata.sty
Package: pdflscape-nometadata 2022-10-28 v0.13 Display of landscape pages in PD
F (HO)
Package pdflscape Info: Auto-detected driver: pdftex on input line 81.
))
Package biblatex Info: Trying to load language 'spanish'...
Package biblatex Info: ... file 'spanish.lbx' found.

(/Users/jordi/Library/Application Support/MiKTeX/texmfs/install/tex/latex/bibla
tex/lbx/spanish.lbx
File: spanish.lbx 2025/07/10 v3.21 biblatex localization (PK/MW)
)
Package biblatex Info: Trying to load language 'english'...
Package biblatex Info: ... file 'english.lbx' found.

(/Users/jordi/Library/Application Support/MiKTeX/texmfs/install/tex/latex/bibla
tex/lbx/english.lbx
File: english.lbx 2025/07/10 v3.21 biblatex localization (PK/MW)
)
Package biblatex Info: Input encoding 'utf8' detected.
Package biblatex Info: Automatic encoding selection.
(biblatex)             Assuming data encoding 'utf8'.
\openout4 = `tfg_etsiinf_NombreApellidos.bcf'.

Package biblatex Info: Trying to load bibliographic data...
Package biblatex Info: ... file 'tfg_etsiinf_NombreApellidos.bbl' found.
 (tfg_etsiinf_NombreApellidos.bbl)
Package biblatex Info: Reference section=0 on input line 12.
Package biblatex Info: Reference segment=0 on input line 12.
\c@lstlisting=\count529
 (include/Portada.tex
<./include/EscUpm.png, id=230, 245.91875pt x 200.75pt>
File: ./include/EscUpm.png Graphic file (type png)
<use ./include/EscUpm.png>
Package pdftex.def Info: ./include/EscUpm.png  used on input line 7.
(pdftex.def)             Requested size: 122.95906pt x 100.37474pt.

Underfull \hbox (badness 10000) in paragraph at lines 5--8
[]|  []
 []


Underfull \hbox (badness 10000) in paragraph at lines 5--8

 []

LaTeX Font Info:    Trying to load font information for U+msa on input line 8.

(/Users/jordi/Library/Application Support/MiKTeX/texmfs/install/tex/latex/amsfo
nts/umsa.fd
File: umsa.fd 2013/01/14 v3.01 AMS symbols A
)
LaTeX Font Info:    Trying to load font information for U+msb on input line 8.

(/Users/jordi/Library/Application Support/MiKTeX/texmfs/install/tex/latex/amsfo
nts/umsb.fd
File: umsb.fd 2013/01/14 v3.01 AMS symbols B
)
LaTeX Font Info:    Font shape `T1/pbk/m/n' in size <20.74> not available
(Font)              Font shape `T1/pbk/l/n' tried instead on input line 11.
LaTeX Font Info:    Font shape `T1/pbk/m/n' in size <14.4> not available
(Font)              Font shape `T1/pbk/l/n' tried instead on input line 13.
LaTeX Font Info:    Font shape `T1/pbk/b/n' in size <14.4> not available
(Font)              Font shape `T1/pbk/db/n' tried instead on input line 13.
<./include/FacInformatica.png, id=232, 160.6pt x 170.6375pt>
File: ./include/FacInformatica.png Graphic file (type png)
<use ./include/FacInformatica.png>
Package pdftex.def Info: ./include/FacInformatica.png  used on input line 17.
(pdftex.def)             Requested size: 80.29979pt x 85.31853pt.

Overfull \hbox (27.98663pt too wide) in paragraph at lines 4--19
[]$[]$ $[]$ $[]$ 
 []

LaTeX Font Info:    Font shape `T1/pbk/b/n' in size <20.74> not available
(Font)              Font shape `T1/pbk/db/n' tried instead on input line 32.
LaTeX Font Info:    Font shape `T1/pbk/m/n' in size <12> not available
(Font)              Font shape `T1/pbk/l/n' tried instead on input line 38.


[1


{/Users/jordi/Library/Application Support/MiKTeX/texmfs/data/fonts/map/pdftex/p
dftex.map} <./include/EscUpm.png> <./include/FacInformatica.png>]
LaTeX Font Info:    Font shape `T1/pbk/m/it' in size <12> not available
(Font)              Font shape `T1/pbk/l/it' tried instead on input line 56.


[2])
LaTeX Font Info:    Font shape `T1/pbk/m/n' in size <24.88> not available
(Font)              Font shape `T1/pbk/l/n' tried instead on input line 22.
LaTeX Font Info:    Font shape `T1/pbk/b/n' in size <24.88> not available
(Font)              Font shape `T1/pbk/db/n' tried instead on input line 22.
 (tfg_etsiinf_NombreApellidos.toc
LaTeX Info: Redefining \sptext on input line 1.
LaTeX Info: Redefining \. on input line 1.
LaTeX Info: Redefining \% on input line 1.
LaTeX Font Info:    Font shape `T1/pbk/b/n' in size <10.95> not available
(Font)              Font shape `T1/pbk/db/n' tried instead on input line 2.


[1


])
\tf@toc=\write6
\openout6 = `tfg_etsiinf_NombreApellidos.toc'.



LaTeX Info: Redefining \. on input line 26.
LaTeX Info: Redefining \% on input line 26.
Package babel Info: 'spanish' activates 'spanish' shorthands.
(babel)             Reported on input line 26.
[2] (tfg_etsiinf_NombreApellidos.lof
LaTeX Info: Redefining \sptext on input line 1.
LaTeX Info: Redefining \. on input line 1.
LaTeX Info: Redefining \% on input line 1.
LaTeX Font Info:    Font shape `T1/pbk/m/it' in size <10.95> not available
(Font)              Font shape `T1/pbk/l/it' tried instead on input line 4.
LaTeX Font Info:    Trying to load font information for T1+pcr on input line 18
.

(/Users/jordi/Library/Application Support/MiKTeX/texmfs/install/tex/latex/psnfs
s/t1pcr.fd
File: t1pcr.fd 2001/06/04 font definitions for T1/pcr.
)
Underfull \vbox (badness 10000) has occurred while \output is active []



[3

])
\tf@lof=\write7
\openout7 = `tfg_etsiinf_NombreApellidos.lof'.



LaTeX Info: Redefining \. on input line 30.
LaTeX Info: Redefining \% on input line 30.
[4] (tfg_etsiinf_NombreApellidos.lot
LaTeX Info: Redefining \sptext on input line 1.
LaTeX Info: Redefining \. on input line 1.
LaTeX Info: Redefining \% on input line 1.
)
\tf@lot=\write8
\openout8 = `tfg_etsiinf_NombreApellidos.lot'.



[5

] (tfg_etsiinf_NombreApellidos.lol)
\tf@lol=\write9
\openout9 = `tfg_etsiinf_NombreApellidos.lol'.



[6

] (secciones/00_Resumen.tex


pdfTeX warning (ext4): destination with the same identifier (name{page.1}) has 
been already used, duplicate ignored
<to be read again> 
                   \relax 
l.10 \newpage
              [1


]) (secciones/01_Introduccion.tex


pdfTeX warning (ext4): destination with the same identifier (name{page.2}) has 
been already used, duplicate ignored
<to be read again> 
                   \relax 
l.2 \chapter
            {Introducci^^c3^^b3n} \label{chp:intro} [2

]
Cap\'{\i }tulo 1.


[3

]
Overfull \hbox (2.45149pt too wide) in paragraph at lines 95--105
\T1/pbk/l/n/10.95 Stable-Baselines3, in-clu-yen-do el ar-chi-vo de con-fi-gu-ra
-ci^^f3n \T1/pcr/m/n/10.95 configs/train_ppo.yaml\T1/pbk/l/n/10.95 ,
 []



LaTeX Info: Redefining \. on input line 105.
LaTeX Info: Redefining \% on input line 105.
[4]

LaTeX Info: Redefining \. on input line 174.
LaTeX Info: Redefining \% on input line 174.
[5]) (secciones/02_TrabajoArte.tex

LaTeX Info: Redefining \. on input line 2.
LaTeX Info: Redefining \% on input line 2.
[6]
Cap\'{\i }tulo 2.
LaTeX Font Info:    Font shape `T1/pbk/b/n' in size <12> not available
(Font)              Font shape `T1/pbk/db/n' tried instead on input line 35.


[7

]
<images/ros_nodes_topics_services.png, id=482, 857.2025pt x 481.8pt>
File: images/ros_nodes_topics_services.png Graphic file (type png)
<use images/ros_nodes_topics_services.png>
Package pdftex.def Info: images/ros_nodes_topics_services.png  used on input li
ne 58.
(pdftex.def)             Requested size: 389.55298pt x 218.95468pt.


LaTeX Info: Redefining \. on input line 91.
LaTeX Info: Redefining \% on input line 91.
[8
pdfTeX warning (ext4): destination with the same identifier (name{figure.2.1}) 
has been already used, duplicate ignored
<argument> ...shipout:D \box_use:N \l_shipout_box 
                                                  \__shipout_drop_firstpage_...
l.91 
      <./images/ros_nodes_topics_services.png>]
<images/aerostack2_layered_architecture.png, id=495, 1254.6875pt x 652.4375pt>
File: images/aerostack2_layered_architecture.png Graphic file (type png)
<use images/aerostack2_layered_architecture.png>
Package pdftex.def Info: images/aerostack2_layered_architecture.png  used on in
put line 104.
(pdftex.def)             Requested size: 430.31847pt x 223.7671pt.
LaTeX Font Info:    Font shape `T1/pbk/m/n' in size <10> not available
(Font)              Font shape `T1/pbk/l/n' tried instead on input line 122.
LaTeX Font Info:    Font shape `T1/pbk/b/n' in size <10> not available
(Font)              Font shape `T1/pbk/db/n' tried instead on input line 127.
LaTeX Font Info:    Font shape `T1/pbk/m/it' in size <10> not available
(Font)              Font shape `T1/pbk/l/it' tried instead on input line 129.

Underfull \hbox (badness 1442) in paragraph at lines 129--129
[]|\T1/pbk/l/n/10 Comunicaci^^f3n en-tre no-dos
 []


Underfull \hbox (badness 10000) in paragraph at lines 130--130
[]|\T1/pbk/l/n/10 Arquitectura a^^e9-rea so-bre
 []


Underfull \vbox (badness 10000) has occurred while \output is active []



LaTeX Info: Redefining \. on input line 138.
LaTeX Info: Redefining \% on input line 138.
[9
pdfTeX warning (ext4): destination with the same identifier (name{figure.2.2}) 
has been already used, duplicate ignored
<argument> ...shipout:D \box_use:N \l_shipout_box 
                                                  \__shipout_drop_firstpage_...
l.138 
       <./images/aerostack2_layered_architecture.png (PNG copy)>]

LaTeX Info: Redefining \. on input line 180.
LaTeX Info: Redefining \% on input line 180.
[10
pdfTeX warning (ext4): destination with the same identifier (name{table.2.1}) h
as been already used, duplicate ignored
<argument> ...shipout:D \box_use:N \l_shipout_box 
                                                  \__shipout_drop_firstpage_...
l.180 
      ]
Underfull \hbox (badness 1881) in paragraph at lines 200--200
[]|\T1/pbk/l/n/10 Predicci^^f3n, cla-si-fi-ca-ci^^f3n o
 []

<images/deep_rl_conceptual_comparison.png, id=517, 659.46375pt x 362.35374pt>
File: images/deep_rl_conceptual_comparison.png Graphic file (type png)
<use images/deep_rl_conceptual_comparison.png>
Package pdftex.def Info: images/deep_rl_conceptual_comparison.png  used on inpu
t line 222.
(pdftex.def)             Requested size: 389.55298pt x 214.05225pt.

Underfull \vbox (badness 10000) has occurred while \output is active []



LaTeX Info: Redefining \. on input line 228.
LaTeX Info: Redefining \% on input line 228.
[11
pdfTeX warning (ext4): destination with the same identifier (name{table.2.2}) h
as been already used, duplicate ignored
<argument> ...shipout:D \box_use:N \l_shipout_box 
                                                  \__shipout_drop_firstpage_...
l.228 
      ]
<images/rl_agent_environment_loop.png, id=528, 1028.84375pt x 416.55624pt>
File: images/rl_agent_environment_loop.png Graphic file (type png)
<use images/rl_agent_environment_loop.png>
Package pdftex.def Info: images/rl_agent_environment_loop.png  used on input li
ne 240.
(pdftex.def)             Requested size: 344.25339pt x 139.38353pt.


LaTeX Info: Redefining \. on input line 255.
LaTeX Info: Redefining \% on input line 255.
[12
pdfTeX warning (ext4): destination with the same identifier (name{figure.2.3}) 
has been already used, duplicate ignored
<argument> ...shipout:D \box_use:N \l_shipout_box 
                                                  \__shipout_drop_firstpage_...
l.255 
      
pdfTeX warning (ext4): destination with the same identifier (name{figure.2.4}) 
has been already used, duplicate ignored
<argument> ...shipout:D \box_use:N \l_shipout_box 
                                                  \__shipout_drop_firstpage_...
l.255 
       <./images/deep_rl_conceptual_comparison.png> <./images/rl_agent_environm
ent_loop.png>]

LaTeX Info: Redefining \. on input line 313.
LaTeX Info: Redefining \% on input line 313.
[13]
<images/ppo_actor_critic_architecture.png, id=562, 853.1875pt x 357.335pt>
File: images/ppo_actor_critic_architecture.png Graphic file (type png)
<use images/ppo_actor_critic_architecture.png>
Package pdftex.def Info: images/ppo_actor_critic_architecture.png  used on inpu
t line 360.
(pdftex.def)             Requested size: 371.43729pt x 155.57033pt.


LaTeX Info: Redefining \. on input line 365.
LaTeX Info: Redefining \% on input line 365.
[14]

LaTeX Info: Redefining \. on input line 408.
LaTeX Info: Redefining \% on input line 408.
[15
pdfTeX warning (ext4): destination with the same identifier (name{figure.2.5}) 
has been already used, duplicate ignored
<argument> ...shipout:D \box_use:N \l_shipout_box 
                                                  \__shipout_drop_firstpage_...
l.408 
       <./images/ppo_actor_critic_architecture.png>]

LaTeX Info: Redefining \. on input line 459.
LaTeX Info: Redefining \% on input line 459.

Package fancyhdr Warning: \headheight is too small (18.0pt): 
(fancyhdr)                Make it at least 25.49829pt, for example:
(fancyhdr)                \setlength{\headheight}{25.49829pt}.
(fancyhdr)                You might also make \topmargin smaller:
(fancyhdr)                \addtolength{\topmargin}{-7.49829pt}.

[16]

Package hyperref Warning: Difference (3) between bookmark levels is greater 
(hyperref)                than one, level fixed on input line 509.



LaTeX Info: Redefining \. on input line 519.
LaTeX Info: Redefining \% on input line 519.
[17]) (secciones/03_Diseno.tex

LaTeX Info: Redefining \. on input line 2.
LaTeX Info: Redefining \% on input line 2.
[18]
Cap\'{\i }tulo 3.

Overfull \hbox (63.07451pt too wide) in paragraph at lines 22--33
\T1/pbk/l/n/10.95 agen-te. La co-mu-ni-ca-ci^^f3n con Ae-ros-tack2 se rea-li-za
 me-dian-te \T1/pcr/m/n/10.95 as2_python_api.DroneInterface\T1/pbk/l/n/10.95 ,
 []



[19

]

LaTeX Info: Redefining \. on input line 111.
LaTeX Info: Redefining \% on input line 111.
[20
pdfTeX warning (ext4): destination with the same identifier (name{figure.3.1}) 
has been already used, duplicate ignored
<argument> ...shipout:D \box_use:N \l_shipout_box 
                                                  \__shipout_drop_firstpage_...
l.111 
      ]
LaTeX Font Info:    Font shape `T1/pbk/m/n' in size <8> not available
(Font)              Font shape `T1/pbk/l/n' tried instead on input line 121.
LaTeX Font Info:    Font shape `T1/pbk/m/n' in size <9> not available
(Font)              Font shape `T1/pbk/l/n' tried instead on input line 122.
LaTeX Font Info:    Font shape `T1/pbk/m/n' in size <6> not available
(Font)              Font shape `T1/pbk/l/n' tried instead on input line 122.

Underfull \hbox (badness 10000) in paragraph at lines 122--122
[][][]\T1/pbk/l/n/9 Imagen dis-po-ni-ble en Re-search-Ga-te: []$\T1/pcr/m/n/9 h
ttps : / / www . researchgate . net / figure /
 []


Overfull \hbox (24.3312pt too wide) in paragraph at lines 122--122
\T1/pcr/m/n/9 A-[]conceptual-[]representation-[]of-[]drone-[]pose-[]A-[]drone-[
]here-[]represented-[]by-[]a-[]DJI-[]Mavic-[]2-[]is _
 []

<images/drone_pose_roll_pitch_yaw.png, id=636, 465.74pt x 432.61626pt>
File: images/drone_pose_roll_pitch_yaw.png Graphic file (type png)
<use images/drone_pose_roll_pitch_yaw.png>
Package pdftex.def Info: images/drone_pose_roll_pitch_yaw.png  used on input li
ne 126.
(pdftex.def)             Requested size: 262.72241pt x 244.04578pt.


LaTeX Info: Redefining \. on input line 148.
LaTeX Info: Redefining \% on input line 148.
[21
pdfTeX warning (ext4): destination with the same identifier (name{figure.3.2}) 
has been already used, duplicate ignored
<argument> ...shipout:D \box_use:N \l_shipout_box 
                                                  \__shipout_drop_firstpage_...
l.148 
       <./images/drone_pose_roll_pitch_yaw.png>]

LaTeX Info: Redefining \. on input line 260.
LaTeX Info: Redefining \% on input line 260.
[22
pdfTeX warning (ext4): destination with the same identifier (name{figure.3.3}) 
has been already used, duplicate ignored
<argument> ...shipout:D \box_use:N \l_shipout_box 
                                                  \__shipout_drop_firstpage_...
l.260 
      ]
Overfull \hbox (22.11716pt too wide) in paragraph at lines 277--286
[]\T1/pbk/l/n/10.95 El en-torno con-tem-pla tam-bi^^e9n un mo-do de di-se-^^f1o
 de-no-mi-na-do \T1/pcr/m/n/10.95 randomize_hover_start\T1/pbk/l/n/10.95 .
 []



LaTeX Info: Redefining \. on input line 335.
LaTeX Info: Redefining \% on input line 335.
[23
pdfTeX warning (ext4): destination with the same identifier (name{figure.3.4}) 
has been already used, duplicate ignored
<argument> ...shipout:D \box_use:N \l_shipout_box 
                                                  \__shipout_drop_firstpage_...
l.335 
      ]
Overfull \hbox (15.37788pt too wide) in paragraph at lines 338--348
 [][] 
 []


Overfull \hbox (103.80502pt too wide) in paragraph at lines 386--397
\T1/pbk/l/n/10.95 vo-ca ba-jo el es-pa-cio de nom-bres del veh^^edcu-lo, por ej
em-plo \T1/pcr/m/n/10.95 /drone0/platform/reset_simulator_state\T1/pbk/l/n/10.9
5 .
 []



LaTeX Info: Redefining \. on input line 397.
LaTeX Info: Redefining \% on input line 397.
[24
pdfTeX warning (ext4): destination with the same identifier (name{table.3.1}) h
as been already used, duplicate ignored
<argument> ...shipout:D \box_use:N \l_shipout_box 
                                                  \__shipout_drop_firstpage_...
l.397 
      ]
Overfull \hbox (84.75793pt too wide) in paragraph at lines 417--417
[]|\T1/pcr/m/n/10 post_controller_reacquire_timeout| 
 []


Underfull \hbox (badness 2277) in paragraph at lines 417--418
[]|\T1/pbk/l/n/10 Diagn^^f3stico es-pe-c^^ed-fi-co del
 []


Overfull \hbox (54.75793pt too wide) in paragraph at lines 418--418
[]|\T1/pcr/m/n/10 post_controller_hold_timeout| 
 []


Underfull \hbox (badness 1048) in paragraph at lines 418--418
[]|\T1/pbk/l/n/10 La po-se se al-can-za de for-ma
 []


Underfull \hbox (badness 1406) in paragraph at lines 420--420
\T1/pbk/l/n/10 se se ha res-tau-ra-do, pe-ro el
 []



LaTeX Info: Redefining \. on input line 449.
LaTeX Info: Redefining \% on input line 449.
[25
pdfTeX warning (ext4): destination with the same identifier (name{table.3.2}) h
as been already used, duplicate ignored
<argument> ...shipout:D \box_use:N \l_shipout_box 
                                                  \__shipout_drop_firstpage_...
l.449 E
       l entorno conserva la capacidad de calcular t^^c3^^a9rminos adicional...
]
Underfull \hbox (badness 1584) in paragraph at lines 493--494
\T1/pbk/l/n/10 men-te la dis-tan-cia
 []


Underfull \hbox (badness 1275) in paragraph at lines 498--499
[]|\T1/pbk/l/n/10 Premia al-can-zar la
 []


Underfull \hbox (badness 3240) in paragraph at lines 503--504
\T1/pbk/l/n/10 to-rias in-se-gu-ras o
 []


Underfull \hbox (badness 2582) in paragraph at lines 507--507
[]|\T1/pbk/l/n/10 Si el UAV des-
 []


Underfull \hbox (badness 3019) in paragraph at lines 512--512
\T1/pbk/l/n/10 n^^fa-me-ro m^^e1-xi-mo
 []


Underfull \hbox (badness 1688) in paragraph at lines 513--514
[]|\T1/pbk/l/n/10 Limita la du-ra-ci^^f3n
 []



LaTeX Info: Redefining \. on input line 553.
LaTeX Info: Redefining \% on input line 553.
[26]
Overfull \hbox (89.80507pt too wide) in paragraph at lines 602--606
 [][] 
 []

) (secciones/04_Implementacion.tex

LaTeX Info: Redefining \. on input line 2.
LaTeX Info: Redefining \% on input line 2.
[27
pdfTeX warning (ext4): destination with the same identifier (name{table.3.3}) h
as been already used, duplicate ignored
<argument> ...shipout:D \box_use:N \l_shipout_box 
                                                  \__shipout_drop_firstpage_...
l.2 \chapter
            {Implementaci^^c3^^b3n} \label{chp:implementacion}]

[28
pdfTeX warning (ext4): destination with the same identifier (name{figure.3.5}) 
has been already used, duplicate ignored
<argument> ...shipout:D \box_use:N \l_shipout_box 
                                                  \__shipout_drop_firstpage_...
l.2 \chapter
            {Implementaci^^c3^^b3n} \label{chp:implementacion}]
Cap\'{\i }tulo 4.

Overfull \hbox (140.9395pt too wide) in paragraph at lines 28--37
[]\T1/pbk/l/n/10.95 La im-ple-men-ta-ci^^f3n se or-ga-ni-za al-re-de-dor de tre
s pun-tos de en-tra-da. El m^^f3-du-lo \T1/pcr/m/n/10.95 rl_uav/envs/as2_test_e
nv.py
 []



[29

]
Overfull \hbox (7.99246pt too wide) in paragraph at lines 55--55
[]|\T1/pcr/m/n/10 rl_uav/envs/as2_test_env.py| 
 []


Overfull \hbox (13.99246pt too wide) in paragraph at lines 56--56
[]|\T1/pcr/m/n/10 rl_uav/training/ppo_setup.py| 
 []


Overfull \hbox (1.99246pt too wide) in paragraph at lines 60--60
[]|\T1/pcr/m/n/10 scripts/supervise_train.sh| 
 []


Overfull \hbox (43.99246pt too wide) in paragraph at lines 61--61
[]|\T1/pcr/m/n/10 as2_platform_multirotor_simulator| 
 []


Underfull \hbox (badness 10000) in paragraph at lines 63--63
[]|\T1/pcr/m/n/10 scripts/test_* \T1/pbk/l/n/10 y
 []



LaTeX Info: Redefining \. on input line 142.
LaTeX Info: Redefining \% on input line 142.
[30
pdfTeX warning (ext4): destination with the same identifier (name{table.4.1}) h
as been already used, duplicate ignored
<argument> ...shipout:D \box_use:N \l_shipout_box 
                                                  \__shipout_drop_firstpage_...
l.142 
      ]
Overfull \hbox (67.80766pt too wide) in paragraph at lines 155--165
\T1/pbk/l/n/10.95 [[]Fern^^e1ndez-Cortizas et al., []2023[]]. Pa-ra ha-cer m^^e
1s ro-bus-ta la eje-cu-ci^^f3n, \T1/pcr/m/n/10.95 scripts/as2_runtime.py
 []



LaTeX Info: Redefining \. on input line 165.
LaTeX Info: Redefining \% on input line 165.
[31
pdfTeX warning (ext4): destination with the same identifier (name{figure.4.1}) 
has been already used, duplicate ignored
<argument> ...shipout:D \box_use:N \l_shipout_box 
                                                  \__shipout_drop_firstpage_...
l.165 
      ]
Underfull \vbox (badness 10000) has occurred while \output is active []



LaTeX Info: Redefining \. on input line 218.
LaTeX Info: Redefining \% on input line 218.
[32]

LaTeX Info: Redefining \. on input line 256.
LaTeX Info: Redefining \% on input line 256.
[33
pdfTeX warning (ext4): destination with the same identifier (name{table.4.2}) h
as been already used, duplicate ignored
<argument> ...shipout:D \box_use:N \l_shipout_box 
                                                  \__shipout_drop_firstpage_...
l.256 
      ]
<images/rviz2_training_view.png, id=719, 702.05142pt x 753.67285pt>
File: images/rviz2_training_view.png Graphic file (type png)
<use images/rviz2_training_view.png>
Package pdftex.def Info: images/rviz2_training_view.png  used on input line 267
.
(pdftex.def)             Requested size: 371.43729pt x 398.7547pt.


LaTeX Info: Redefining \. on input line 288.
LaTeX Info: Redefining \% on input line 288.
[34
pdfTeX warning (ext4): destination with the same identifier (name{figure.4.2}) 
has been already used, duplicate ignored
<argument> ...shipout:D \box_use:N \l_shipout_box 
                                                  \__shipout_drop_firstpage_...
l.288 
       <./images/rviz2_training_view.png (PNG copy)>]

LaTeX Info: Redefining \. on input line 382.
LaTeX Info: Redefining \% on input line 382.
[35
pdfTeX warning (ext4): destination with the same identifier (name{table.4.3}) h
as been already used, duplicate ignored
<argument> ...shipout:D \box_use:N \l_shipout_box 
                                                  \__shipout_drop_firstpage_...
l.382 
      ]
Overfull \hbox (60.61661pt too wide) in paragraph at lines 394--400
\T1/pbk/l/n/10.95 de re-ini-cio de la ve-lo-ci-dad m^^e1-xi-ma per-mi-ti-da a P
PO. Tam-bi^^e9n se in-cor-po-ra \T1/pcr/m/n/10.95 reset_yaw_required\T1/pbk/l/n
/10.95 ,
 []


Overfull \hbox (103.44588pt too wide) in paragraph at lines 401--408
\T1/pbk/l/n/10.95 IMU y odo-me-tr^^eda. So-bre ese ser-vi-cio se im-ple-men-tan
 re-in-ten-tos me-dian-te \T1/pcr/m/n/10.95 reset_service_max_attempts
 []



LaTeX Info: Redefining \. on input line 408.
LaTeX Info: Redefining \% on input line 408.
[36
pdfTeX warning (ext4): destination with the same identifier (name{figure.4.3}) 
has been already used, duplicate ignored
<argument> ...shipout:D \box_use:N \l_shipout_box 
                                                  \__shipout_drop_firstpage_...
l.408 
      ]
Overfull \hbox (17.49059pt too wide) in paragraph at lines 433--441
\T1/pbk/l/n/10.95 con-fi-gu-ra-ci^^f3n se-lec-cio-na-da. Pa-ra cam-pa-^^f1as la
r-gas, \T1/pcr/m/n/10.95 train_ppo.py \T1/pbk/l/n/10.95 acep-ta \T1/pcr/m/n/10.
95 --resume-from
 []

) (secciones/05_Pruebas.tex

LaTeX Info: Redefining \. on input line 2.
LaTeX Info: Redefining \% on input line 2.
[37]
Cap\'{\i }tulo 5.

Underfull \hbox (badness 1221) in paragraph at lines 42--42
[]|\T1/pbk/l/n/10 Validar la se-m^^e1n-ti-ca del en-
 []


Underfull \hbox (badness 6380) in paragraph at lines 43--44
[]|\T1/pbk/l/n/10 Movimiento f^^ed-si-co me-di-ble,
 []


Underfull \hbox (badness 10000) in paragraph at lines 44--44
[]|\T1/pbk/l/n/10 Ejecuciones PPO
 []


Underfull \vbox (badness 10000) has occurred while \output is active []



[38

]
Overfull \hbox (38.10815pt too wide) in paragraph at lines 88--88
[]|\T1/pcr/m/n/10 scripts/test_vectorization.py| 
 []


Underfull \hbox (badness 3219) in paragraph at lines 88--88
[]|\T1/pbk/l/n/10 Comprobar con-tra-to del en-
 []


Underfull \hbox (badness 3590) in paragraph at lines 88--88
\T1/pbk/l/n/10 torno, vec-to-ri-za-ci^^f3n, re-set y
 []


Underfull \hbox (badness 6876) in paragraph at lines 88--88
\T1/pbk/l/n/10 diag-n^^f3s-ti-cos con do-bles de
 []


Underfull \hbox (badness 2512) in paragraph at lines 88--89
\T1/pbk/l/n/10 nes de-ter-mi-nis-tas pa-
 []


Overfull \hbox (92.10815pt too wide) in paragraph at lines 89--89
[]|\T1/pcr/m/n/10 scripts/test_ppo_config_propagation.py| 
 []


Underfull \hbox (badness 2326) in paragraph at lines 89--89
[]|\T1/pbk/l/n/10 Verificar que los pa-r^^e1-me-tros
 []


Overfull \hbox (92.10815pt too wide) in paragraph at lines 90--90
[]|\T1/pcr/m/n/10 scripts/test_exp010_reward_contract.py| 
 []


Underfull \hbox (badness 3439) in paragraph at lines 90--91
[]|\T1/pbk/l/n/10 La re-com-pen-sa con-ti-
 []


Overfull \hbox (134.10815pt too wide) in paragraph at lines 91--91
[]|\T1/pcr/m/n/10 scripts/test_exp011_randomization_contract.py| 
 []


Overfull \hbox (104.10815pt too wide) in paragraph at lines 92--92
[]|\T1/pcr/m/n/10 scripts/test_exp012_training_contract.py| 
 []


Underfull \hbox (badness 1533) in paragraph at lines 92--92
[]|\T1/pbk/l/n/10 Verificar la con-fi-gu-ra-ci^^f3n del
 []


Underfull \hbox (badness 10000) in paragraph at lines 92--93
[]|\T1/pbk/l/n/10 La con-fi-gu-ra-ci^^f3n de
 []


Underfull \hbox (badness 10000) in paragraph at lines 92--93
\T1/pbk/l/n/10 Exp012 con-ser-va la
 []


Overfull \hbox (62.10815pt too wide) in paragraph at lines 93--93
[]|\T1/pcr/m/n/10 scripts/test_resume_checkpoint.py| 
 []


Underfull \hbox (badness 4341) in paragraph at lines 93--93
\T1/pbk/l/it/10 points \T1/pbk/l/n/10 pa-ra reanu-da-ci^^f3n de
 []


Underfull \hbox (badness 1082) in paragraph at lines 93--94
\T1/pbk/l/n/10 reanu-dar-se des-de una
 []


Overfull \hbox (98.10815pt too wide) in paragraph at lines 94--94
[]|\T1/pcr/m/n/10 scripts/validate_deterministic_reset.py| 
 []


Overfull \hbox (110.10815pt too wide) in paragraph at lines 95--95
[]|\T1/pcr/m/n/10 scripts/validate_exp008_training_smoke.py| 
 []


Underfull \hbox (badness 8019) in paragraph at lines 95--96
[]|\T1/pbk/l/n/10 Las ac-cio-nes acep-ta-
 []


Underfull \vbox (badness 10000) has occurred while \output is active []



LaTeX Info: Redefining \. on input line 101.
LaTeX Info: Redefining \% on input line 101.
[39
pdfTeX warning (ext4): destination with the same identifier (name{table.5.1}) h
as been already used, duplicate ignored
<argument> ...shipout:D \box_use:N \l_shipout_box 
                                                  \__shipout_drop_firstpage_...
l.101 
      ]

LaTeX Info: Redefining \. on input line 128.
LaTeX Info: Redefining \% on input line 128.
[40
pdfTeX warning (ext4): destination with the same identifier (name{table.5.2}) h
as been already used, duplicate ignored
<argument> ...shipout:D \box_use:N \l_shipout_box 
                                                  \__shipout_drop_firstpage_...
l.128 
      ]
Underfull \hbox (badness 2119) in paragraph at lines 146--146
[]|\T1/pbk/l/n/10 Objetivos des-pla-za-dos y
 []


Underfull \hbox (badness 10000) in paragraph at lines 146--147
[]|\T1/pbk/l/n/10 Exp001--
 []


Underfull \hbox (badness 10000) in paragraph at lines 147--147
[]|\T1/pbk/l/n/10 Bucle de epi-so-dios
 []


Underfull \hbox (badness 4024) in paragraph at lines 147--147
[]|\T1/pbk/l/n/10 Reset fi-jo in-su-fi-cien-te
 []


Underfull \hbox (badness 10000) in paragraph at lines 147--148
[]|\T1/pbk/l/n/10 Exp002--
 []


Underfull \hbox (badness 8038) in paragraph at lines 148--148
\T1/pbk/l/n/10 ros-tack2 eje-cu-t^^e1n-do-se
 []


Underfull \hbox (badness 1389) in paragraph at lines 148--148
[]|\T1/pbk/l/n/10 Eliminaci^^f3n del fall-back
 []


Underfull \hbox (badness 10000) in paragraph at lines 148--149
[]|\T1/pbk/l/n/10 Exp006--
 []


Underfull \hbox (badness 1226) in paragraph at lines 149--149
[]|\T1/pbk/l/n/10 Derivas gran-des o re-
 []


Underfull \hbox (badness 10000) in paragraph at lines 149--149
[]|\T1/pbk/l/n/10 Diagn^^f3sticos de re-set,
 []


Underfull \hbox (badness 3386) in paragraph at lines 149--149
\T1/pcr/m/n/10 reset_max_vel \T1/pbk/l/n/10 y fa-ses
 []


Underfull \hbox (badness 10000) in paragraph at lines 149--150
[]|\T1/pbk/l/n/10 Exp007--
 []


Underfull \hbox (badness 10000) in paragraph at lines 150--150
[]|\T1/pbk/l/n/10 Comando acep-ta-do
 []


Underfull \hbox (badness 2608) in paragraph at lines 150--150
[]|\T1/pbk/l/n/10 Desacoplamiento en-tre
 []


Underfull \hbox (badness 10000) in paragraph at lines 150--151
[]|\T1/pbk/l/n/10 Smokes
 []


Underfull \hbox (badness 1496) in paragraph at lines 151--151
[]|\T1/pbk/l/n/10 Muchos epi-so-dios ter-
 []


Underfull \hbox (badness 3019) in paragraph at lines 151--151
\T1/pbk/l/n/10 ob-ser-va-bles y fuer-zan
 []


Underfull \hbox (badness 2229) in paragraph at lines 151--151
\T1/pbk/l/n/10 en l^^ed-mi-tes y su-per-vi-sor
 []


Underfull \hbox (badness 10000) in paragraph at lines 151--152
[]|\T1/pbk/l/n/10 Exp010--
 []


Underfull \vbox (badness 10000) has occurred while \output is active []



LaTeX Info: Redefining \. on input line 178.
LaTeX Info: Redefining \% on input line 178.
[41
pdfTeX warning (ext4): destination with the same identifier (name{table.5.3}) h
as been already used, duplicate ignored
<argument> ...shipout:D \box_use:N \l_shipout_box 
                                                  \__shipout_drop_firstpage_...
l.178 
      ]) (secciones/06_Resultados.tex

LaTeX Info: Redefining \. on input line 2.
LaTeX Info: Redefining \% on input line 2.
[42]
Cap\'{\i }tulo 6.
LaTeX Font Info:    Font shape `T1/pbk/b/n' in size <8> not available
(Font)              Font shape `T1/pbk/db/n' tried instead on input line 46.

Overfull \hbox (8.30002pt too wide) in paragraph at lines 46--46
[]|\T1/pbk/db/n/8 Experimento| 
 []


Underfull \hbox (badness 3965) in paragraph at lines 49--49
[]|\T1/pbk/l/n/8 Objetivo des-pla-za-do y
 []


Underfull \hbox (badness 7595) in paragraph at lines 49--49
[]|\T1/pbk/l/n/8 Primeros epi-so-dios ^^fati-les,
 []


Underfull \hbox (badness 10000) in paragraph at lines 50--50
[]|\T1/pbk/l/n/8 Introducir
 []

LaTeX Font Info:    Font shape `T1/pbk/m/it' in size <8> not available
(Font)              Font shape `T1/pbk/l/it' tried instead on input line 50.

Underfull \hbox (badness 1466) in paragraph at lines 50--50
\T1/pbk/l/n/8 ta-do con mo-ni-tor, Ten-sor-
 []


Underfull \hbox (badness 6675) in paragraph at lines 51--51
[]|\T1/pbk/l/n/8 Target m^^e1s le-jano y
 []


Underfull \hbox (badness 7362) in paragraph at lines 53--53
[]|\T1/pbk/l/n/8 Mejorar es-ta-bi-li-dad y
 []


Underfull \hbox (badness 3068) in paragraph at lines 53--53
\T1/pbk/l/n/8 evi-tar fall-back pro-ble-
 []


Underfull \hbox (badness 10000) in paragraph at lines 58--58
[]|\T1/pbk/l/n/8 Recompensa m^^ed-ni-ma
 []


Underfull \hbox (badness 1867) in paragraph at lines 58--58
\T1/pbk/l/n/8 ali-nea-da con el tu-tor,
 []


Underfull \hbox (badness 1881) in paragraph at lines 58--58
\T1/pbk/l/n/8 ran-do-mi-za-ci^^f3n com-ple-
 []


Underfull \hbox (badness 7814) in paragraph at lines 58--58
\T1/pbk/l/n/8 ta e hi-per-pa-r^^e1-me-tros
 []


Underfull \hbox (badness 3417) in paragraph at lines 60--60
\T1/pbk/l/n/8 am-plia-do, reanu-da-ci^^f3n
 []


Underfull \hbox (badness 6380) in paragraph at lines 60--60
[]|\T1/pbk/l/n/8 Experimento en eje-cu-ci^^f3n
 []



[43

]

LaTeX Info: Redefining \. on input line 91.
LaTeX Info: Redefining \% on input line 91.
[44
pdfTeX warning (ext4): destination with the same identifier (name{table.6.1}) h
as been already used, duplicate ignored
<argument> ...shipout:D \box_use:N \l_shipout_box 
                                                  \__shipout_drop_firstpage_...
l.91 
     ]

LaTeX Info: Redefining \. on input line 133.
LaTeX Info: Redefining \% on input line 133.
[45]) (secciones/07_Impacto.tex

LaTeX Info: Redefining \. on input line 2.
LaTeX Info: Redefining \% on input line 2.
[46]
Cap\'{\i }tulo 7.
) (secciones/08_Conclusiones.tex

[47

]
Cap\'{\i }tulo 8.


[48

])

LaTeX Info: Redefining \. on input line 51.
LaTeX Info: Redefining \% on input line 51.
[49]
LaTeX Font Info:    Font shape `T1/pbk/m/sc' in size <10.95> not available
(Font)              Font shape `T1/pbk/l/sc' tried instead on input line 51.

Overfull \hbox (14.74907pt too wide) in paragraph at lines 51--51
\T1/pcr/m/n/10.95 learning -[] explained -[] overview -[] comparisons -[] and -
[] applications -[] in -[] business/$[]
 []


Overfull \hbox (12.9762pt too wide) in paragraph at lines 51--51
\T1/pbk/l/n/10.95 ning: A Re-view^^T. En: \T1/pbk/l/it/10.95 Elec-tro-nics \T1/
pbk/l/n/10.95 10.9, p^^e1g. 999. \T1/pbk/l/sc/10.95 doi\T1/pbk/l/n/10.95 : []$\
T1/pcr/m/n/10.95 10 . 3390 / electronics10090999$[]\T1/pbk/l/n/10.95 .
 []


Overfull \hbox (6.35515pt too wide) in paragraph at lines 51--51
[][]\T1/pbk/l/n/10.95 Chollet, Ga-briel (2021). \T1/pbk/l/it/10.95 What is ROS\
T1/pbk/l/n/10.95 . \T1/pbk/l/sc/10.95 url\T1/pbk/l/n/10.95 : []$\T1/pcr/m/n/10.
95 https : / / medium . com / @Gabriel _ Chollet /
 []


Overfull \hbox (10.79813pt too wide) in paragraph at lines 51--51
[]$\T1/pcr/m/n/10.95 10 . 1109 / ICRA46639 . 2022 . 9811564$[]\T1/pbk/l/n/10.95
 . \T1/pbk/l/sc/10.95 url\T1/pbk/l/n/10.95 : []$\T1/pcr/m/n/10.95 https : / / d
oi . org / 10 . 1109 / ICRA46639 .
 []



[50

]
Overfull \hbox (7.17908pt too wide) in paragraph at lines 51--51
[]$\T1/pcr/m/n/10.95 https : / / objectways . com / blog / deep -[] learning -[
] vs -[] reinforcement -[] learning -[]
 []


Overfull \hbox (1.16208pt too wide) in paragraph at lines 51--51
\T1/pcr/m/n/10.95 scirobotics . adg1462$[]\T1/pbk/l/n/10.95 . \T1/pbk/l/sc/10.9
5 url\T1/pbk/l/n/10.95 : []$\T1/pcr/m/n/10.95 https : / / doi . org / 10 . 1126
 / scirobotics . adg1462$[]\T1/pbk/l/n/10.95 . 
 []



LaTeX Info: Redefining \. on input line 51.
LaTeX Info: Redefining \% on input line 51.
[51]

LaTeX Info: Redefining \. on input line 56.
LaTeX Info: Redefining \% on input line 56.
[52] (secciones/09_Anexos.tex
Ap\'{e}ndice A.

Underfull \hbox (badness 10000) in paragraph at lines 31--32
[]|\T1/pbk/l/n/10 Curriculum ini-cial,
 []


Underfull \hbox (badness 10000) in paragraph at lines 31--32
\T1/pbk/l/n/10 yaw diag-n^^f3s-ti-co y
 []


Underfull \hbox (badness 1924) in paragraph at lines 34--34
[]|\T1/pbk/l/n/10 ^^c1rea se-gu-ra y anti-
 []


Underfull \hbox (badness 1215) in paragraph at lines 35--35
[]|\T1/pbk/l/n/10 Guards de l^^ed-mi-tes y
 []


Underfull \hbox (badness 1014) in paragraph at lines 35--36
[]|\T1/pbk/l/n/10 Guard de ac-ci^^f3n, co-rre-dor
 []



[53



pdfTeX warning (ext4): destination with the same identifier (name{table.Alph1.1
}) has been already used, duplicate ignored
<argument> ...shipout:D \box_use:N \l_shipout_box 
                                                  \__shipout_drop_firstpage_...
l.48 
     ]
Package hyperref Info: bookmark level for unknown lstlisting defaults to 0 on i
nput line 49.


LaTeX Info: Redefining \. on input line 99.
LaTeX Info: Redefining \% on input line 99.
[54]
<images/tensorboard_exp010_rollout.png, id=886, 1077.02374pt x 482.80376pt>
File: images/tensorboard_exp010_rollout.png Graphic file (type png)
<use images/tensorboard_exp010_rollout.png>
Package pdftex.def Info: images/tensorboard_exp010_rollout.png  used on input l
ine 102.
(pdftex.def)             Requested size: 430.31847pt x 192.90443pt.
<images/tensorboard_exp011_rollout.png, id=887, 1075.01625pt x 482.80376pt>
File: images/tensorboard_exp011_rollout.png Graphic file (type png)
<use images/tensorboard_exp011_rollout.png>
Package pdftex.def Info: images/tensorboard_exp011_rollout.png  used on input l
ine 112.
(pdftex.def)             Requested size: 430.31847pt x 193.25806pt.
<images/tensorboard_exp010_train.png, id=888, 1796.7125pt x 912.40875pt>
File: images/tensorboard_exp010_train.png Graphic file (type png)
<use images/tensorboard_exp010_train.png>
Package pdftex.def Info: images/tensorboard_exp010_train.png  used on input lin
e 122.
(pdftex.def)             Requested size: 430.31847pt x 218.52313pt.

Underfull \vbox (badness 10000) has occurred while \output is active []



LaTeX Info: Redefining \. on input line 129.
LaTeX Info: Redefining \% on input line 129.
[55
pdfTeX warning (ext4): destination with the same identifier (name{figure.Alph1.
1}) has been already used, duplicate ignored
<argument> ...shipout:D \box_use:N \l_shipout_box 
                                                  \__shipout_drop_firstpage_...
l.129 
      
pdfTeX warning (ext4): destination with the same identifier (name{figure.Alph1.
2}) has been already used, duplicate ignored
<argument> ...shipout:D \box_use:N \l_shipout_box 
                                                  \__shipout_drop_firstpage_...
l.129 
       <./images/tensorboard_exp010_rollout.png> <./images/tensorboard_exp011_r
ollout.png>]
<images/tensorboard_exp011_train.png, id=895, 1800.7275pt x 916.42375pt>
File: images/tensorboard_exp011_train.png Graphic file (type png)
<use images/tensorboard_exp011_train.png>
Package pdftex.def Info: images/tensorboard_exp011_train.png  used on input lin
e 132.
(pdftex.def)             Requested size: 430.31847pt x 218.99532pt.

Underfull \vbox (badness 10000) has occurred while \output is active []



LaTeX Info: Redefining \. on input line 151.
LaTeX Info: Redefining \% on input line 151.
[56
pdfTeX warning (ext4): destination with the same identifier (name{figure.Alph1.
3}) has been already used, duplicate ignored
<argument> ...shipout:D \box_use:N \l_shipout_box 
                                                  \__shipout_drop_firstpage_...
l.151 
      
pdfTeX warning (ext4): destination with the same identifier (name{figure.Alph1.
4}) has been already used, duplicate ignored
<argument> ...shipout:D \box_use:N \l_shipout_box 
                                                  \__shipout_drop_firstpage_...
l.151 
       <./images/tensorboard_exp010_train.png> <./images/tensorboard_exp011_tra
in.png>]
Underfull \hbox (badness 8189) in paragraph at lines 170--170
[]|\T1/pbk/l/n/10 Inspecci^^f3n del re-po-si-to-rio,
 []

)

LaTeX Info: Redefining \. on input line 60.
LaTeX Info: Redefining \% on input line 60.
[57
pdfTeX warning (ext4): destination with the same identifier (name{table.Alph1.2
}) has been already used, duplicate ignored
<argument> ...shipout:D \box_use:N \l_shipout_box 
                                                  \__shipout_drop_firstpage_...
l.60 \end{document}
                   ] (tfg_etsiinf_NombreApellidos.aux
LaTeX Info: Redefining \sptext on input line 12.
LaTeX Info: Redefining \. on input line 12.
LaTeX Info: Redefining \% on input line 12.
)
 ***********
LaTeX2e <2025-11-01>
L3 programming layer <2026-01-19>
 ***********
Package rerunfilecheck Info: File `tfg_etsiinf_NombreApellidos.out' has not cha
nged.
(rerunfilecheck)             Checksum: E5699B73CC39AAA26FBA5E0EEC02BB0B;12572.
Package logreq Info: Writing requests to 'tfg_etsiinf_NombreApellidos.run.xml'.

\openout1 = `tfg_etsiinf_NombreApellidos.run.xml'.

 ) 
Here is how much of TeX's memory you used:
 37494 strings out of 467870
 728274 string characters out of 5409725
 1621941 words of memory out of 5000000
 65528 multiletter control sequences out of 15000+600000
 672498 words of font info for 130 fonts, out of 8000000 for 9000
 1141 hyphenation exceptions out of 8191
 104i,14n,121p,718b,3401s stack positions out of 10000i,1000n,20000p,200000b,200000s
{/Users/jordi/Library/Application Support/MiKTeX/texmfs/install/fonts/enc/dvi
ps/base/8r.enc}</Users/jordi/Library/Application Support/MiKTeX/texmfs/install/
fonts/type1/public/amsfonts/cm/cmex10.pfb></Users/jordi/Library/Application Sup
port/MiKTeX/texmfs/install/fonts/type1/public/amsfonts/cm/cmmi10.pfb></Users/jo
rdi/Library/Application Support/MiKTeX/texmfs/install/fonts/type1/public/amsfon
ts/cm/cmmi6.pfb></Users/jordi/Library/Application Support/MiKTeX/texmfs/install
/fonts/type1/public/amsfonts/cm/cmmi7.pfb></Users/jordi/Library/Application Sup
port/MiKTeX/texmfs/install/fonts/type1/public/amsfonts/cm/cmmi8.pfb></Users/jor
di/Library/Application Support/MiKTeX/texmfs/install/fonts/type1/public/amsfont
s/cm/cmr10.pfb></Users/jordi/Library/Application Support/MiKTeX/texmfs/install/
fonts/type1/public/amsfonts/cm/cmr7.pfb></Users/jordi/Library/Application Suppo
rt/MiKTeX/texmfs/install/fonts/type1/public/amsfonts/cm/cmr8.pfb></Users/jordi/
Library/Application Support/MiKTeX/texmfs/install/fonts/type1/public/amsfonts/c
m/cmsy10.pfb></Users/jordi/Library/Application Support/MiKTeX/texmfs/install/fo
nts/type1/public/amsfonts/cm/cmsy8.pfb></Users/jordi/Library/Application Suppor
t/MiKTeX/texmfs/install/fonts/type1/public/amsfonts/symbols/msbm10.pfb></Users/
jordi/Library/Application Support/MiKTeX/texmfs/install/fonts/type1/urw/bookman
/ubkd8a.pfb></Users/jordi/Library/Application Support/MiKTeX/texmfs/install/fon
ts/type1/urw/bookman/ubkl8a.pfb></Users/jordi/Library/Application Support/MiKTe
X/texmfs/install/fonts/type1/urw/bookman/ubkli8a.pfb></Users/jordi/Library/Appl
ication Support/MiKTeX/texmfs/install/fonts/type1/urw/courier/ucrb8a.pfb></User
s/jordi/Library/Application Support/MiKTeX/texmfs/install/fonts/type1/urw/couri
er/ucrr8a.pfb>
Output written on tfg_etsiinf_NombreApellidos.pdf (65 pages, 1682070 bytes).
PDF statistics:
 1020 PDF objects out of 1200 (max. 8388607)
 204 named destinations out of 1000 (max. 500000)
 526 words of extra memory for PDF output out of 10000 (max. 10000000)

